#
# A fatal error has been detected by the Java Runtime Environment:
#
#  SIGSEGV (0xb) at pc=0x00000001989ee1ae, pid=60881, tid=0x0000000000001303
#
# JRE version: Java(TM) SE Runtime Environment (8.0_112-b16) (build 1.8.0_112-b16)
# Java VM: Java HotSpot(TM) 64-Bit Server VM (25.112-b16 mixed mode bsd-amd64 compressed oops)
# Problematic frame:
# C  [libOpenMM.dylib+0x16d1ae]  OpenMM_StringArray_get+0xe
#
# Failed to write core dump. Core dumps have been disabled. To enable core dumping, try "ulimit -c unlimited" before starting Java again
#
# If you would like to submit a bug report, please visit:
#   http://bugreport.java.com/bugreport/crash.jsp
# The crash happened outside the Java Virtual Machine in native code.
# See problematic frame for where to report the bug.
#

---------------  T H R E A D  ---------------

Current thread (0x00007f891a800000):  JavaThread "main" [_thread_in_native, id=4867, stack(0x000000010a0bb000,0x000000010a1bb000)]

siginfo: si_signo: 11 (SIGSEGV), si_code: 1 (SEGV_MAPERR), si_addr: 0x0000000000000000

Registers:
RAX=0x0000000000000000, RBX=0x0000000000000001, RCX=0x0000000000000000, RDX=0x0000000196a83078
RSP=0x000000010a1b8c70, RBP=0x000000010a1b8c70, RSI=0x0000000000000000, RDI=0x00007f891c57a7e0
R8 =0x54001127c4eafbe0, R9 =0x00007f891a800000, R10=0x000000010a1b8bd0, R11=0x00000001989ee1a0
R12=0x0000000000000004, R13=0x0000000000000002, R14=0x000000010a1b97a8, R15=0x00007f891c573f20
RIP=0x00000001989ee1ae, EFLAGS=0x0000000000010246, ERR=0x0000000000000004
  TRAPNO=0x000000000000000e

Top of Stack: (sp=0x000000010a1b8c70)
0x000000010a1b8c70:   000000010a1b8c80 0000000195cc394c
0x000000010a1b8c80:   000000000000000e 000000010a1b9840
0x000000010a1b8c90:   000000010a1b8d80 0000000195cc3456
0x000000010a1b8ca0:   0000000124741930 0000000124741930
0x000000010a1b8cb0:   00000007c0002678 000000010a1b8d30
0x000000010a1b8cc0:   00007f891a800000 000000010a1b8d44
0x000000010a1b8cd0:   000000010a1b8d40 000000010a1b8d30
0x000000010a1b8ce0:   000000010a1b96b0 000000010a1b9840
0x000000010a1b8cf0:   00000001989ee1a0 00007f891c573e80
0x000000010a1b8d00:   000000010a1b8bd0 000000010a1b8c80
0x000000010a1b8d10:   0000000000000002 0000000200000002
0x000000010a1b8d20:   000000010a1b8bd0 000000011a8001f8
0x000000010a1b8d30:   00007f8900000002 0000000000000000
0x000000010a1b8d40:   0000000100000000 54001127c4eafbe0
0x000000010a1b8d50:   000000010a1b8d80 000000010a1b97a0
0x000000010a1b8d60:   00007f891c573f30 0000000000000000
0x000000010a1b8d70:   00007f891c573e80 0000000000000001
0x000000010a1b8d80:   000000010a1b9690 0000000195cbda53
0x000000010a1b8d90:   0000000124741930 00007f891a800000
0x000000010a1b8da0:   000000010a1b9690 0000000195cbd655
0x000000010a1b8db0:   0000000000000000 0000000000000000
0x000000010a1b8dc0:   000000010a1b9690 0000000195cbd629
0x000000010a1b8dd0:   0000000000000000 0000000000000000
0x000000010a1b8de0:   000000010a1b8e10 000000010af00717
0x000000010a1b8df0:   0000000196a83078 00007f891c573ea0
0x000000010a1b8e00:   00007f891a8001f8 000000010a1b9840
0x000000010a1b8e10:   0000000000000002 000000010a1b9840
0x000000010a1b8e20:   0000000000000000 0000000000000000
0x000000010a1b8e30:   000000010a1b8d90 000000010a1b8db0
0x000000010a1b8e40:   000000010a1b8dd0 000000010a1b96b0
0x000000010a1b8e50:   000000010a1b8e90 000000010ae4debf
0x000000010a1b8e60:   000000010b212d30 0000000124f55eb0 

Instructions: (pc=0x00000001989ee1ae)
0x00000001989ee18e:   e8 dd 56 e9 ff 66 66 66 66 2e 0f 1f 84 00 00 00
0x00000001989ee19e:   00 00 55 48 89 e5 48 63 ce 48 8b 07 48 8d 0c 49
0x00000001989ee1ae:   f6 04 c8 01 74 07 48 8b 44 c8 10 5d c3 48 8d 04
0x00000001989ee1be:   c8 48 ff c0 5d c3 66 66 66 2e 0f 1f 84 00 00 00 

Register to memory mapping:

RAX=0x0000000000000000 is an unknown value
RBX=0x0000000000000001 is an unknown value
RCX=0x0000000000000000 is an unknown value
RDX={method} {0x0000000196a83078} 'set' '(ZJI)V' in 'java/text/DigitList'
RSP=0x000000010a1b8c70 is pointing into the stack for thread: 0x00007f891a800000
RBP=0x000000010a1b8c70 is pointing into the stack for thread: 0x00007f891a800000
RSI=0x0000000000000000 is an unknown value
RDI=0x00007f891c57a7e0 is an unknown value
R8 =0x54001127c4eafbe0 is an unknown value
R9 =0x00007f891a800000 is a thread
R10=0x000000010a1b8bd0 is pointing into the stack for thread: 0x00007f891a800000
R11=0x00000001989ee1a0: OpenMM_StringArray_get+0 in /Users/hbernabe/anaconda/pkgs/openmm-7.1.0rc1-py36_0/lib/libOpenMM.dylib at 0x0000000198881000
R12=0x0000000000000004 is an unknown value
R13=0x0000000000000002 is an unknown value
R14=0x000000010a1b97a8 is pointing into the stack for thread: 0x00007f891a800000
R15=0x00007f891c573f20 is an unknown value


Stack: [0x000000010a0bb000,0x000000010a1bb000],  sp=0x000000010a1b8c70,  free space=1015k
Native frames: (J=compiled Java code, j=interpreted, Vv=VM code, C=native code)
C  [libOpenMM.dylib+0x16d1ae]  OpenMM_StringArray_get+0xe
C  [jna6171661554811470369.tmp+0xd94c]  ffi_call_unix64+0x4c
C  0x000000010a1b9840

Java frames: (J=compiled Java code, j=interpreted, Vv=VM code)
j  simtk.openmm.OpenMMLibrary.OpenMM_StringArray_get(Lcom/sun/jna/ptr/PointerByReference;I)Lcom/sun/jna/Pointer;+0
j  ffx.potential.OpenMMForceFieldEnergy.<init>(Lffx/potential/MolecularAssembly;)V+131
v  ~StubRoutines::call_stub
J 1909  sun.reflect.NativeConstructorAccessorImpl.newInstance0(Ljava/lang/reflect/Constructor;[Ljava/lang/Object;)Ljava/lang/Object; (0 bytes) @ 0x000000010c0f74a3 [0x000000010c0f7440+0x63]
J 1908 C1 sun.reflect.NativeConstructorAccessorImpl.newInstance([Ljava/lang/Object;)Ljava/lang/Object; (89 bytes) @ 0x000000010c0fcbfc [0x000000010c0fbb80+0x107c]
J 1473 C1 sun.reflect.DelegatingConstructorAccessorImpl.newInstance([Ljava/lang/Object;)Ljava/lang/Object; (9 bytes) @ 0x000000010bf94ecc [0x000000010bf94dc0+0x10c]
J 1600 C1 java.lang.reflect.Constructor.newInstance([Ljava/lang/Object;)Ljava/lang/Object; (87 bytes) @ 0x000000010c01000c [0x000000010c00fb40+0x4cc]
j  org.codehaus.groovy.reflection.CachedConstructor.invoke([Ljava/lang/Object;)Ljava/lang/Object;+7
j  org.codehaus.groovy.runtime.callsite.ConstructorSite$ConstructorSiteNoUnwrapNoCoerce.callConstructor(Ljava/lang/Object;[Ljava/lang/Object;)Ljava/lang/Object;+14
j  org.codehaus.groovy.runtime.callsite.CallSiteArray.defaultCallConstructor(Lorg/codehaus/groovy/runtime/callsite/CallSite;Ljava/lang/Object;[Ljava/lang/Object;)Ljava/lang/Object;+11
j  org.codehaus.groovy.runtime.callsite.AbstractCallSite.callConstructor(Ljava/lang/Object;[Ljava/lang/Object;)Ljava/lang/Object;+3
j  org.codehaus.groovy.runtime.callsite.AbstractCallSite.callConstructor(Ljava/lang/Object;Ljava/lang/Object;)Ljava/lang/Object;+33
j  ffx.potential.Energy.run()Ljava/lang/Object;+706
j  groovy.lang.GroovyShell.evaluate(Lgroovy/lang/GroovyCodeSource;)Ljava/lang/Object;+7
j  groovy.lang.GroovyShell.evaluate(Ljava/io/File;)Ljava/lang/Object;+16
j  ffx.ui.ModelingShell.runFFXScript(Ljava/io/File;)V+9
j  ffx.ui.MainPanel.openInit(Ljava/io/File;Ljava/lang/String;)Lffx/ui/UIFileOpener;+85
j  ffx.ui.MainPanel.open(Ljava/io/File;Ljava/lang/String;)Ljava/lang/Thread;+3
j  ffx.HeadlessMain.<init>(Ljava/io/File;Ljava/util/List;Lffx/ui/LogHandler;)V+249
j  ffx.Main.startCommandLineInterface(Ljava/io/File;Ljava/util/List;)V+94
j  ffx.Main.main([Ljava/lang/String;)V+132
v  ~StubRoutines::call_stub

---------------  P R O C E S S  ---------------

Java Threads: ( => current thread )
  0x00007f891d955800 JavaThread "Thread-28" daemon [_thread_blocked, id=35843, stack(0x000000019877f000,0x000000019887f000)]
  0x00007f891d8b8000 JavaThread "Thread-27" daemon [_thread_blocked, id=35331, stack(0x000000019867c000,0x000000019877c000)]
  0x00007f891d957000 JavaThread "Thread-26" daemon [_thread_blocked, id=34819, stack(0x0000000198579000,0x0000000198679000)]
  0x00007f891d956000 JavaThread "Thread-25" daemon [_thread_blocked, id=34307, stack(0x0000000197571000,0x0000000197671000)]
  0x00007f891d975800 JavaThread "Thread-24" daemon [_thread_blocked, id=33795, stack(0x000000019746e000,0x000000019756e000)]
  0x00007f891d18c800 JavaThread "Thread-23" daemon [_thread_blocked, id=33287, stack(0x0000000198476000,0x0000000198576000)]
  0x00007f891af61800 JavaThread "Thread-22" daemon [_thread_blocked, id=27411, stack(0x0000000198373000,0x0000000198473000)]
  0x00007f891e087800 JavaThread "Thread-21" daemon [_thread_blocked, id=27671, stack(0x0000000197125000,0x0000000197225000)]
  0x00007f891af68800 JavaThread "Thread-20" daemon [_thread_blocked, id=28171, stack(0x0000000196b61000,0x0000000196c61000)]
  0x00007f891afea000 JavaThread "Thread-19" daemon [_thread_blocked, id=32771, stack(0x0000000197f57000,0x0000000198057000)]
  0x00007f891a6b3800 JavaThread "Thread-18" daemon [_thread_blocked, id=32259, stack(0x0000000197e54000,0x0000000197f54000)]
  0x00007f891afed000 JavaThread "Thread-17" daemon [_thread_blocked, id=31747, stack(0x0000000197d51000,0x0000000197e51000)]
  0x00007f891afec000 JavaThread "Thread-16" daemon [_thread_blocked, id=31235, stack(0x0000000197c4e000,0x0000000197d4e000)]
  0x00007f891af3b800 JavaThread "Thread-15" daemon [_thread_blocked, id=30723, stack(0x0000000197b4b000,0x0000000197c4b000)]
  0x00007f891a637000 JavaThread "Thread-14" daemon [_thread_blocked, id=30211, stack(0x0000000197a48000,0x0000000197b48000)]
  0x00007f8919e18800 JavaThread "Thread-13" daemon [_thread_blocked, id=29699, stack(0x0000000197945000,0x0000000197a45000)]
  0x00007f8919e17800 JavaThread "Thread-12" daemon [_thread_blocked, id=29187, stack(0x0000000197842000,0x0000000197942000)]
  0x00007f8919e17000 JavaThread "Thread-11" daemon [_thread_blocked, id=28675, stack(0x000000019773f000,0x000000019783f000)]
  0x00007f891a89f000 JavaThread "Java2D Disposer" daemon [_thread_blocked, id=24327, stack(0x0000000129467000,0x0000000129567000)]
  0x00007f891b1b2000 JavaThread "Image Fetcher 0" daemon [_thread_blocked, id=24075, stack(0x0000000129364000,0x0000000129464000)]
  0x00007f8919952000 JavaThread "Timer-0" daemon [_thread_blocked, id=23299, stack(0x000000012904e000,0x000000012914e000)]
  0x00007f891b192800 JavaThread "Thread-7" daemon [_thread_blocked, id=22787, stack(0x0000000128ed6000,0x0000000128fd6000)]
  0x00007f891b152000 JavaThread "Thread-6" daemon [_thread_blocked, id=22275, stack(0x0000000128dc3000,0x0000000128ec3000)]
  0x00007f891b151000 JavaThread "Thread-5" daemon [_thread_blocked, id=21763, stack(0x0000000128cc0000,0x0000000128dc0000)]
  0x00007f891b131000 JavaThread "Thread-4" daemon [_thread_blocked, id=21251, stack(0x0000000128bbd000,0x0000000128cbd000)]
  0x00007f891992b800 JavaThread "Thread-3" daemon [_thread_blocked, id=20739, stack(0x0000000128aba000,0x0000000128bba000)]
  0x00007f891992c800 JavaThread "Thread-2" daemon [_thread_blocked, id=20235, stack(0x00000001289b7000,0x0000000128ab7000)]
  0x00007f8919918800 JavaThread "AWT-AppKit" daemon [_thread_in_native, id=1811, stack(0x00007fff5545c000,0x00007fff55c5c000)]
  0x00007f891a022800 JavaThread "Service Thread" daemon [_thread_blocked, id=18179, stack(0x0000000128230000,0x0000000128330000)]
  0x00007f891a81a000 JavaThread "C1 CompilerThread2" daemon [_thread_blocked, id=17667, stack(0x000000012812d000,0x000000012822d000)]
  0x00007f8919892800 JavaThread "C2 CompilerThread1" daemon [_thread_blocked, id=17155, stack(0x000000012802a000,0x000000012812a000)]
  0x00007f8919891800 JavaThread "C2 CompilerThread0" daemon [_thread_blocked, id=16643, stack(0x0000000127f27000,0x0000000128027000)]
  0x00007f8919857800 JavaThread "Signal Dispatcher" daemon [_thread_blocked, id=13335, stack(0x0000000127e24000,0x0000000127f24000)]
  0x00007f891a816800 JavaThread "Finalizer" daemon [_thread_blocked, id=11523, stack(0x00000001263fe000,0x00000001264fe000)]
  0x00007f891a813800 JavaThread "Reference Handler" daemon [_thread_blocked, id=11011, stack(0x00000001262fb000,0x00000001263fb000)]
=>0x00007f891a800000 JavaThread "main" [_thread_in_native, id=4867, stack(0x000000010a0bb000,0x000000010a1bb000)]

Other Threads:
  0x00007f891b050000 VMThread [stack: 0x00000001261f8000,0x00000001262f8000] [id=10499]
  0x00007f89198bd800 WatcherThread [stack: 0x0000000128333000,0x0000000128433000] [id=18691]

VM state:not at safepoint (normal execution)

VM Mutex/Monitor currently owned by a thread: None

Heap:
 PSYoungGen      total 1223168K, used 131822K [0x000000076ab00000, 0x00000007c0000000, 0x00000007c0000000)
  eden space 1048576K, 12% used [0x000000076ab00000,0x0000000772bbb8c0,0x00000007aab00000)
  from space 174592K, 0% used [0x00000007aab00000,0x00000007aab00000,0x00000007b5580000)
  to   space 174592K, 0% used [0x00000007b5580000,0x00000007b5580000,0x00000007c0000000)
 ParOldGen       total 2796544K, used 22725K [0x00000006c0000000, 0x000000076ab00000, 0x000000076ab00000)
  object space 2796544K, 0% used [0x00000006c0000000,0x00000006c1631638,0x000000076ab00000)
 Metaspace       used 28609K, capacity 29091K, committed 29312K, reserved 1075200K
  class space    used 3258K, capacity 3440K, committed 3456K, reserved 1048576K

Card table byte_map: [0x000000011ad75000,0x000000011b576000] byte_map_base: 0x0000000117775000

Marking Bits: (ParMarkBitMap*) 0x000000010b2f0d30
 Begin Bits: [0x000000011bed8000, 0x000000011fed8000)
 End Bits:   [0x000000011fed8000, 0x0000000123ed8000)

Polling page: 0x000000010b9a2000

CodeCache: size=245760Kb used=12984Kb max_used=13036Kb free=232775Kb
 bounds [0x000000010b9b5000, 0x000000010c685000, 0x000000011a9b5000]
 total_blobs=3587 nmethods=2755 adapters=744
 compilation: enabled

Compilation events (10 events):
Event: 9.945 Thread 0x00007f8919892800 nmethod 2966 0x000000010c01b390 code [0x000000010c01b520, 0x000000010c01b878]
Event: 9.945 Thread 0x00007f8919892800 2967       4       java.nio.charset.Charset::atBugLevel (44 bytes)
Event: 9.945 Thread 0x00007f8919892800 nmethod 2967 0x000000010bc492d0 code [0x000000010bc49420, 0x000000010bc49578]
Event: 9.946 Thread 0x00007f891a81a000 2968       1       sun.nio.cs.UTF_8$Encoder::implReplaceWith (8 bytes)
Event: 9.946 Thread 0x00007f891a81a000 nmethod 2968 0x000000010c07e050 code [0x000000010c07e1a0, 0x000000010c07e2d0]
Event: 9.946 Thread 0x00007f8919892800 2969       4       java.lang.String::checkBounds (46 bytes)
Event: 9.947 Thread 0x00007f8919892800 nmethod 2969 0x000000010baf0ad0 code [0x000000010baf0c20, 0x000000010baf0cd8]
Event: 9.947 Thread 0x00007f8919892800 2970   !   4       java.lang.StringCoding::decode (120 bytes)
Event: 9.951 Thread 0x00007f8919891800 nmethod 2964 0x000000010bb0fd50 code [0x000000010bb0fee0, 0x000000010bb10958]
Event: 9.951 Thread 0x00007f8919891800 2971       4       java.util.WeakHashMap::getEntry (72 bytes)

GC Heap History (10 events):
Event: 6.957 GC heap before
{Heap before GC invocations=2 (full 1):
 PSYoungGen      total 1223168K, used 5995K [0x000000076ab00000, 0x00000007c0000000, 0x00000007c0000000)
  eden space 1048576K, 0% used [0x000000076ab00000,0x000000076ab00000,0x00000007aab00000)
  from space 174592K, 3% used [0x00000007aab00000,0x00000007ab0dad28,0x00000007b5580000)
  to   space 174592K, 0% used [0x00000007b5580000,0x00000007b5580000,0x00000007c0000000)
 ParOldGen       total 2796544K, used 80K [0x00000006c0000000, 0x000000076ab00000, 0x000000076ab00000)
  object space 2796544K, 0% used [0x00000006c0000000,0x00000006c0014010,0x000000076ab00000)
 Metaspace       used 15384K, capacity 15626K, committed 15872K, reserved 1062912K
  class space    used 1888K, capacity 1954K, committed 2048K, reserved 1048576K
Event: 6.976 GC heap after
Heap after GC invocations=2 (full 1):
 PSYoungGen      total 1223168K, used 0K [0x000000076ab00000, 0x00000007c0000000, 0x00000007c0000000)
  eden space 1048576K, 0% used [0x000000076ab00000,0x000000076ab00000,0x00000007aab00000)
  from space 174592K, 0% used [0x00000007aab00000,0x00000007aab00000,0x00000007b5580000)
  to   space 174592K, 0% used [0x00000007b5580000,0x00000007b5580000,0x00000007c0000000)
 ParOldGen       total 2796544K, used 5770K [0x00000006c0000000, 0x000000076ab00000, 0x000000076ab00000)
  object space 2796544K, 0% used [0x00000006c0000000,0x00000006c05a2a80,0x000000076ab00000)
 Metaspace       used 15384K, capacity 15626K, committed 15872K, reserved 1062912K
  class space    used 1888K, capacity 1954K, committed 2048K, reserved 1048576K
}
Event: 8.068 GC heap before
{Heap before GC invocations=3 (full 1):
 PSYoungGen      total 1223168K, used 256902K [0x000000076ab00000, 0x00000007c0000000, 0x00000007c0000000)
  eden space 1048576K, 24% used [0x000000076ab00000,0x000000077a5e18a0,0x00000007aab00000)
  from space 174592K, 0% used [0x00000007aab00000,0x00000007aab00000,0x00000007b5580000)
  to   space 174592K, 0% used [0x00000007b5580000,0x00000007b5580000,0x00000007c0000000)
 ParOldGen       total 2796544K, used 5770K [0x00000006c0000000, 0x000000076ab00000, 0x000000076ab00000)
  object space 2796544K, 0% used [0x00000006c0000000,0x00000006c05a2a80,0x000000076ab00000)
 Metaspace       used 25260K, capacity 25767K, committed 25984K, reserved 1073152K
  class space    used 2967K, capacity 3145K, committed 3200K, reserved 1048576K
Event: 8.086 GC heap after
Heap after GC invocations=3 (full 1):
 PSYoungGen      total 1223168K, used 15707K [0x000000076ab00000, 0x00000007c0000000, 0x00000007c0000000)
  eden space 1048576K, 0% used [0x000000076ab00000,0x000000076ab00000,0x00000007aab00000)
  from space 174592K, 8% used [0x00000007b5580000,0x00000007b64d6ea8,0x00000007c0000000)
  to   space 174592K, 0% used [0x00000007aab00000,0x00000007aab00000,0x00000007b5580000)
 ParOldGen       total 2796544K, used 5778K [0x00000006c0000000, 0x000000076ab00000, 0x000000076ab00000)
  object space 2796544K, 0% used [0x00000006c0000000,0x00000006c05a4a80,0x000000076ab00000)
 Metaspace       used 25260K, capacity 25767K, committed 25984K, reserved 1073152K
  class space    used 2967K, capacity 3145K, committed 3200K, reserved 1048576K
}
Event: 8.086 GC heap before
{Heap before GC invocations=4 (full 2):
 PSYoungGen      total 1223168K, used 15707K [0x000000076ab00000, 0x00000007c0000000, 0x00000007c0000000)
  eden space 1048576K, 0% used [0x000000076ab00000,0x000000076ab00000,0x00000007aab00000)
  from space 174592K, 8% used [0x00000007b5580000,0x00000007b64d6ea8,0x00000007c0000000)
  to   space 174592K, 0% used [0x00000007aab00000,0x00000007aab00000,0x00000007b5580000)
 ParOldGen       total 2796544K, used 5778K [0x00000006c0000000, 0x000000076ab00000, 0x000000076ab00000)
  object space 2796544K, 0% used [0x00000006c0000000,0x00000006c05a4a80,0x000000076ab00000)
 Metaspace       used 25260K, capacity 25767K, committed 25984K, reserved 1073152K
  class space    used 2967K, capacity 3145K, committed 3200K, reserved 1048576K
Event: 8.141 GC heap after
Heap after GC invocations=4 (full 2):
 PSYoungGen      total 1223168K, used 0K [0x000000076ab00000, 0x00000007c0000000, 0x00000007c0000000)
  eden space 1048576K, 0% used [0x000000076ab00000,0x000000076ab00000,0x00000007aab00000)
  from space 174592K, 0% used [0x00000007b5580000,0x00000007b5580000,0x00000007c0000000)
  to   space 174592K, 0% used [0x00000007aab00000,0x00000007aab00000,0x00000007b5580000)
 ParOldGen       total 2796544K, used 18685K [0x00000006c0000000, 0x000000076ab00000, 0x000000076ab00000)
  object space 2796544K, 0% used [0x00000006c0000000,0x00000006c123f788,0x000000076ab00000)
 Metaspace       used 25260K, capacity 25767K, committed 25984K, reserved 1073152K
  class space    used 2967K, capacity 3145K, committed 3200K, reserved 1048576K
}
Event: 8.539 GC heap before
{Heap before GC invocations=5 (full 2):
 PSYoungGen      total 1223168K, used 141609K [0x000000076ab00000, 0x00000007c0000000, 0x00000007c0000000)
  eden space 1048576K, 13% used [0x000000076ab00000,0x000000077354a558,0x00000007aab00000)
  from space 174592K, 0% used [0x00000007b5580000,0x00000007b5580000,0x00000007c0000000)
  to   space 174592K, 0% used [0x00000007aab00000,0x00000007aab00000,0x00000007b5580000)
 ParOldGen       total 2796544K, used 18685K [0x00000006c0000000, 0x000000076ab00000, 0x000000076ab00000)
  object space 2796544K, 0% used [0x00000006c0000000,0x00000006c123f788,0x000000076ab00000)
 Metaspace       used 27726K, capacity 28243K, committed 28544K, reserved 1075200K
  class space    used 3198K, capacity 3371K, committed 3456K, reserved 1048576K
Event: 8.544 GC heap after
Heap after GC invocations=5 (full 2):
 PSYoungGen      total 1223168K, used 9256K [0x000000076ab00000, 0x00000007c0000000, 0x00000007c0000000)
  eden space 1048576K, 0% used [0x000000076ab00000,0x000000076ab00000,0x00000007aab00000)
  from space 174592K, 5% used [0x00000007aab00000,0x00000007ab40a2c8,0x00000007b5580000)
  to   space 174592K, 0% used [0x00000007b5580000,0x00000007b5580000,0x00000007c0000000)
 ParOldGen       total 2796544K, used 18693K [0x00000006c0000000, 0x000000076ab00000, 0x000000076ab00000)
  object space 2796544K, 0% used [0x00000006c0000000,0x00000006c1241788,0x000000076ab00000)
 Metaspace       used 27726K, capacity 28243K, committed 28544K, reserved 1075200K
  class space    used 3198K, capacity 3371K, committed 3456K, reserved 1048576K
}
Event: 8.544 GC heap before
{Heap before GC invocations=6 (full 3):
 PSYoungGen      total 1223168K, used 9256K [0x000000076ab00000, 0x00000007c0000000, 0x00000007c0000000)
  eden space 1048576K, 0% used [0x000000076ab00000,0x000000076ab00000,0x00000007aab00000)
  from space 174592K, 5% used [0x00000007aab00000,0x00000007ab40a2c8,0x00000007b5580000)
  to   space 174592K, 0% used [0x00000007b5580000,0x00000007b5580000,0x00000007c0000000)
 ParOldGen       total 2796544K, used 18693K [0x00000006c0000000, 0x000000076ab00000, 0x000000076ab00000)
  object space 2796544K, 0% used [0x00000006c0000000,0x00000006c1241788,0x000000076ab00000)
 Metaspace       used 27726K, capacity 28243K, committed 28544K, reserved 1075200K
  class space    used 3198K, capacity 3371K, committed 3456K, reserved 1048576K
Event: 8.633 GC heap after
Heap after GC invocations=6 (full 3):
 PSYoungGen      total 1223168K, used 0K [0x000000076ab00000, 0x00000007c0000000, 0x00000007c0000000)
  eden space 1048576K, 0% used [0x000000076ab00000,0x000000076ab00000,0x00000007aab00000)
  from space 174592K, 0% used [0x00000007aab00000,0x00000007aab00000,0x00000007b5580000)
  to   space 174592K, 0% used [0x00000007b5580000,0x00000007b5580000,0x00000007c0000000)
 ParOldGen       total 2796544K, used 22725K [0x00000006c0000000, 0x000000076ab00000, 0x000000076ab00000)
  object space 2796544K, 0% used [0x00000006c0000000,0x00000006c1631638,0x000000076ab00000)
 Metaspace       used 27726K, capacity 28243K, committed 28544K, reserved 1075200K
  class space    used 3198K, capacity 3371K, committed 3456K, reserved 1048576K
}

Deoptimization events (10 events):
Event: 8.971 Thread 0x00007f891a800000 Uncommon trap: reason=unstable_if action=reinterpret pc=0x000000010c306d90 method=org.apache.commons.math3.util.FastMath$Split.<init>(DD)V @ 4
Event: 9.269 Thread 0x00007f891a800000 Uncommon trap: reason=array_check action=maybe_recompile pc=0x000000010c2d2090 method=java.util.AbstractCollection.toArray([Ljava/lang/Object;)[Ljava/lang/Object; @ 119
Event: 9.269 Thread 0x00007f891a800000 Uncommon trap: reason=array_check action=maybe_recompile pc=0x000000010c2d2090 method=java.util.AbstractCollection.toArray([Ljava/lang/Object;)[Ljava/lang/Object; @ 119
Event: 9.270 Thread 0x00007f891a800000 Uncommon trap: reason=array_check action=maybe_recompile pc=0x000000010c2d2090 method=java.util.AbstractCollection.toArray([Ljava/lang/Object;)[Ljava/lang/Object; @ 119
Event: 9.270 Thread 0x00007f891a800000 Uncommon trap: reason=array_check action=maybe_recompile pc=0x000000010c2d2090 method=java.util.AbstractCollection.toArray([Ljava/lang/Object;)[Ljava/lang/Object; @ 119
Event: 9.373 Thread 0x00007f891a800000 Uncommon trap: reason=unstable_if action=reinterpret pc=0x000000010c63a01c method=ffx.numerics.Erf.erfCore(DZ)D @ 153
Event: 9.437 Thread 0x00007f891a800000 Uncommon trap: reason=unstable_if action=reinterpret pc=0x000000010bc61994 method=java.io.UnixFileSystem.normalize(Ljava/lang/String;)Ljava/lang/String; @ 60
Event: 9.634 Thread 0x00007f891a800000 Uncommon trap: reason=class_check action=maybe_recompile pc=0x000000010c29f558 method=java.util.regex.Matcher.search(I)Z @ 86
Event: 9.634 Thread 0x00007f891a800000 Uncommon trap: reason=class_check action=maybe_recompile pc=0x000000010c29f558 method=java.util.regex.Matcher.search(I)Z @ 86
Event: 9.910 Thread 0x00007f891a800000 Uncommon trap: reason=unstable_if action=reinterpret pc=0x000000010c288688 method=java.lang.Class.privateGetDeclaredFields(Z)[Ljava/lang/reflect/Field; @ 13

Internal exceptions (10 events):
Event: 7.866 Thread 0x00007f891a800000 Exception <a 'java/lang/ClassNotFoundException': java/util/ListCustomizer> (0x0000000776501018) thrown at [/Users/java_re/workspace/8-2-build-macosx-x86_64/jdk8u112/7935/hotspot/src/share/vm/classfile/systemDictionary.cpp, line 210]
Event: 7.870 Thread 0x00007f891a800000 Exception <a 'java/lang/ClassNotFoundException': java/util/logging/LoggerBeanInfo> (0x0000000776576ea0) thrown at [/Users/java_re/workspace/8-2-build-macosx-x86_64/jdk8u112/7935/hotspot/src/share/vm/classfile/systemDictionary.cpp, line 210]
Event: 7.870 Thread 0x00007f891a800000 Exception <a 'java/lang/ClassNotFoundException': java/util/logging/LoggerCustomizer> (0x00000007765831b0) thrown at [/Users/java_re/workspace/8-2-build-macosx-x86_64/jdk8u112/7935/hotspot/src/share/vm/classfile/systemDictionary.cpp, line 210]
Event: 7.875 Thread 0x00007f891a800000 Exception <a 'java/lang/ClassNotFoundException': ffx/ui/UIUtilsBeanInfo> (0x000000077662a808) thrown at [/Users/java_re/workspace/8-2-build-macosx-x86_64/jdk8u112/7935/hotspot/src/share/vm/classfile/systemDictionary.cpp, line 210]
Event: 7.875 Thread 0x00007f891a800000 Exception <a 'java/lang/ClassNotFoundException': ffx/ui/UIUtilsCustomizer> (0x0000000776650d60) thrown at [/Users/java_re/workspace/8-2-build-macosx-x86_64/jdk8u112/7935/hotspot/src/share/vm/classfile/systemDictionary.cpp, line 210]
Event: 7.941 Thread 0x00007f891a800000 Exception <a 'java/lang/NoClassDefFoundError': org/apache/log4j/Category> (0x0000000776944c80) thrown at [/Users/java_re/workspace/8-2-build-macosx-x86_64/jdk8u112/7935/hotspot/src/share/vm/classfile/systemDictionary.cpp, line 199]
Event: 9.268 Thread 0x00007f891a800000 Exception <a 'java/lang/ClassNotFoundException': ffx/potential/OpenMMForceFieldEnergyBeanInfo> (0x000000076b116c10) thrown at [/Users/java_re/workspace/8-2-build-macosx-x86_64/jdk8u112/7935/hotspot/src/share/vm/classfile/systemDictionary.cpp, line 210]
Event: 9.268 Thread 0x00007f891a800000 Exception <a 'java/lang/ClassNotFoundException': ffx/potential/ForceFieldEnergyBeanInfo> (0x000000076b1493c0) thrown at [/Users/java_re/workspace/8-2-build-macosx-x86_64/jdk8u112/7935/hotspot/src/share/vm/classfile/systemDictionary.cpp, line 210]
Event: 9.269 Thread 0x00007f891a800000 Exception <a 'java/lang/ClassNotFoundException': ffx/potential/ForceFieldEnergyCustomizer> (0x000000076b17e2d0) thrown at [/Users/java_re/workspace/8-2-build-macosx-x86_64/jdk8u112/7935/hotspot/src/share/vm/classfile/systemDictionary.cpp, line 210]
Event: 9.270 Thread 0x00007f891a800000 Exception <a 'java/lang/ClassNotFoundException': ffx/potential/OpenMMForceFieldEnergyCustomizer> (0x000000076b1fb178) thrown at [/Users/java_re/workspace/8-2-build-macosx-x86_64/jdk8u112/7935/hotspot/src/share/vm/classfile/systemDictionary.cpp, line 210]

Events (10 events):
Event: 9.919 loading class sun/reflect/UnsafeDoubleFieldAccessorImpl
Event: 9.919 loading class sun/reflect/UnsafeDoubleFieldAccessorImpl done
Event: 9.919 loading class com/sun/jna/Union
Event: 9.919 loading class com/sun/jna/Union done
Event: 9.919 loading class com/sun/jna/Structure$FFIType$size_t
Event: 9.919 loading class com/sun/jna/Structure$FFIType$size_t done
Event: 9.920 loading class sun/reflect/UnsafeShortFieldAccessorImpl
Event: 9.920 loading class sun/reflect/UnsafeShortFieldAccessorImpl done
Event: 9.920 loading class com/sun/jna/Structure$2$StructureSet
Event: 9.920 loading class com/sun/jna/Structure$2$StructureSet done


Dynamic libraries:
0x000000000ad42000 	/System/Library/Frameworks/Cocoa.framework/Versions/A/Cocoa
0x000000000ad42000 	/System/Library/Frameworks/Security.framework/Versions/A/Security
0x000000000ad42000 	/System/Library/Frameworks/ApplicationServices.framework/Versions/A/ApplicationServices
0x000000000ad42000 	/usr/lib/libz.1.dylib
0x000000000ad42000 	/usr/lib/libSystem.B.dylib
0x000000000ad42000 	/usr/lib/libobjc.A.dylib
0x000000000ad42000 	/System/Library/Frameworks/CoreFoundation.framework/Versions/A/CoreFoundation
0x000000000ad42000 	/System/Library/Frameworks/Foundation.framework/Versions/C/Foundation
0x000000000ad42000 	/System/Library/Frameworks/AppKit.framework/Versions/C/AppKit
0x000000000ad42000 	/System/Library/Frameworks/CoreData.framework/Versions/A/CoreData
0x000000000ad42000 	/System/Library/PrivateFrameworks/RemoteViewServices.framework/Versions/A/RemoteViewServices
0x000000000ad42000 	/System/Library/PrivateFrameworks/UIFoundation.framework/Versions/A/UIFoundation
0x000000000ad42000 	/System/Library/Frameworks/IOSurface.framework/Versions/A/IOSurface
0x000000000ad42000 	/System/Library/Frameworks/AudioToolbox.framework/Versions/A/AudioToolbox
0x000000000ad42000 	/System/Library/Frameworks/AudioUnit.framework/Versions/A/AudioUnit
0x000000000ad42000 	/System/Library/PrivateFrameworks/DataDetectorsCore.framework/Versions/A/DataDetectorsCore
0x000000000ad42000 	/System/Library/PrivateFrameworks/DesktopServicesPriv.framework/Versions/A/DesktopServicesPriv
0x000000000ad42000 	/System/Library/Frameworks/Carbon.framework/Versions/A/Frameworks/HIToolbox.framework/Versions/A/HIToolbox
0x000000000ad42000 	/System/Library/Frameworks/QuartzCore.framework/Versions/A/QuartzCore
0x000000000ad42000 	/System/Library/Frameworks/Carbon.framework/Versions/A/Frameworks/SpeechRecognition.framework/Versions/A/SpeechRecognition
0x000000000ad42000 	/usr/lib/libauto.dylib
0x000000000ad42000 	/usr/lib/libicucore.A.dylib
0x000000000ad42000 	/usr/lib/libxml2.2.dylib
0x000000000ad42000 	/System/Library/PrivateFrameworks/CoreUI.framework/Versions/A/CoreUI
0x000000000ad42000 	/System/Library/Frameworks/CoreAudio.framework/Versions/A/CoreAudio
0x000000000ad42000 	/System/Library/Frameworks/DiskArbitration.framework/Versions/A/DiskArbitration
0x000000000ad42000 	/usr/lib/liblangid.dylib
0x000000000ad42000 	/System/Library/PrivateFrameworks/MultitouchSupport.framework/Versions/A/MultitouchSupport
0x000000000ad42000 	/System/Library/Frameworks/IOKit.framework/Versions/A/IOKit
0x000000000ad42000 	/usr/lib/libDiagnosticMessagesClient.dylib
0x000000000ad42000 	/System/Library/Frameworks/CoreServices.framework/Versions/A/CoreServices
0x000000000ad42000 	/System/Library/PrivateFrameworks/PerformanceAnalysis.framework/Versions/A/PerformanceAnalysis
0x000000000ad42000 	/System/Library/PrivateFrameworks/GenerationalStorage.framework/Versions/A/GenerationalStorage
0x000000000ad42000 	/System/Library/Frameworks/OpenGL.framework/Versions/A/OpenGL
0x000000000ad42000 	/System/Library/PrivateFrameworks/Sharing.framework/Versions/A/Sharing
0x000000000ad42000 	/System/Library/Frameworks/CoreGraphics.framework/Versions/A/CoreGraphics
0x000000000ad42000 	/System/Library/Frameworks/CoreText.framework/Versions/A/CoreText
0x000000000ad42000 	/System/Library/Frameworks/ImageIO.framework/Versions/A/ImageIO
0x000000000ad42000 	/usr/lib/libextension.dylib
0x000000000ad42000 	/System/Library/PrivateFrameworks/Backup.framework/Versions/A/Backup
0x000000000ad42000 	/usr/lib/libarchive.2.dylib
0x000000000ad42000 	/System/Library/Frameworks/CFNetwork.framework/Versions/A/CFNetwork
0x000000000ad42000 	/System/Library/Frameworks/SystemConfiguration.framework/Versions/A/SystemConfiguration
0x000000000ad42000 	/usr/lib/libCRFSuite.dylib
0x000000000ad42000 	/usr/lib/libc++.1.dylib
0x000000000ad42000 	/usr/lib/libc++abi.dylib
0x000000000ad42000 	/usr/lib/system/libcache.dylib
0x000000000ad42000 	/usr/lib/system/libcommonCrypto.dylib
0x000000000ad42000 	/usr/lib/system/libcompiler_rt.dylib
0x000000000ad42000 	/usr/lib/system/libcopyfile.dylib
0x000000000ad42000 	/usr/lib/system/libcorecrypto.dylib
0x000000000ad42000 	/usr/lib/system/libdispatch.dylib
0x000000000ad42000 	/usr/lib/system/libdyld.dylib
0x000000000ad42000 	/usr/lib/system/libkeymgr.dylib
0x000000000ad42000 	/usr/lib/system/liblaunch.dylib
0x000000000ad42000 	/usr/lib/system/libmacho.dylib
0x000000000ad42000 	/usr/lib/system/libquarantine.dylib
0x000000000ad42000 	/usr/lib/system/libremovefile.dylib
0x000000000ad42000 	/usr/lib/system/libsystem_asl.dylib
0x000000000ad42000 	/usr/lib/system/libsystem_blocks.dylib
0x000000000ad42000 	/usr/lib/system/libsystem_c.dylib
0x000000000ad42000 	/usr/lib/system/libsystem_configuration.dylib
0x000000000ad42000 	/usr/lib/system/libsystem_coreservices.dylib
0x000000000ad42000 	/usr/lib/system/libsystem_coretls.dylib
0x000000000ad42000 	/usr/lib/system/libsystem_dnssd.dylib
0x000000000ad42000 	/usr/lib/system/libsystem_info.dylib
0x000000000ad42000 	/usr/lib/system/libsystem_kernel.dylib
0x000000000ad42000 	/usr/lib/system/libsystem_m.dylib
0x000000000ad42000 	/usr/lib/system/libsystem_malloc.dylib
0x000000000ad42000 	/usr/lib/system/libsystem_network.dylib
0x000000000ad42000 	/usr/lib/system/libsystem_networkextension.dylib
0x000000000ad42000 	/usr/lib/system/libsystem_notify.dylib
0x000000000ad42000 	/usr/lib/system/libsystem_platform.dylib
0x000000000ad42000 	/usr/lib/system/libsystem_pthread.dylib
0x000000000ad42000 	/usr/lib/system/libsystem_sandbox.dylib
0x000000000ad42000 	/usr/lib/system/libsystem_secinit.dylib
0x000000000ad42000 	/usr/lib/system/libsystem_stats.dylib
0x000000000ad42000 	/usr/lib/system/libsystem_trace.dylib
0x000000000ad42000 	/usr/lib/system/libunc.dylib
0x000000000ad42000 	/usr/lib/system/libunwind.dylib
0x000000000ad42000 	/usr/lib/system/libxpc.dylib
0x000000000ad42000 	/usr/lib/libbz2.1.0.dylib
0x000000000ad42000 	/usr/lib/liblzma.5.dylib
0x000000000ad42000 	/usr/lib/libbsm.0.dylib
0x000000000ad42000 	/usr/lib/libsqlite3.dylib
0x000000000ad42000 	/usr/lib/system/libkxld.dylib
0x000000000ad42000 	/usr/lib/libxar.1.dylib
0x000000000ad42000 	/usr/lib/libpam.2.dylib
0x000000000ad42000 	/usr/lib/libOpenScriptingUtil.dylib
0x000000000ad42000 	/System/Library/Frameworks/CoreServices.framework/Versions/A/Frameworks/FSEvents.framework/Versions/A/FSEvents
0x000000000ad42000 	/System/Library/Frameworks/CoreServices.framework/Versions/A/Frameworks/CarbonCore.framework/Versions/A/CarbonCore
0x000000000ad42000 	/System/Library/Frameworks/CoreServices.framework/Versions/A/Frameworks/Metadata.framework/Versions/A/Metadata
0x000000000ad42000 	/System/Library/Frameworks/CoreServices.framework/Versions/A/Frameworks/OSServices.framework/Versions/A/OSServices
0x000000000ad42000 	/System/Library/Frameworks/CoreServices.framework/Versions/A/Frameworks/SearchKit.framework/Versions/A/SearchKit
0x000000000ad42000 	/System/Library/Frameworks/CoreServices.framework/Versions/A/Frameworks/AE.framework/Versions/A/AE
0x000000000ad42000 	/System/Library/Frameworks/CoreServices.framework/Versions/A/Frameworks/LaunchServices.framework/Versions/A/LaunchServices
0x000000000ad42000 	/System/Library/Frameworks/CoreServices.framework/Versions/A/Frameworks/DictionaryServices.framework/Versions/A/DictionaryServices
0x000000000ad42000 	/System/Library/Frameworks/NetFS.framework/Versions/A/NetFS
0x000000000ad42000 	/System/Library/PrivateFrameworks/NetAuth.framework/Versions/A/NetAuth
0x000000000ad42000 	/System/Library/PrivateFrameworks/login.framework/Versions/A/Frameworks/loginsupport.framework/Versions/A/loginsupport
0x000000000ad42000 	/System/Library/PrivateFrameworks/TCC.framework/Versions/A/TCC
0x000000000ad42000 	/usr/lib/libmecabra.dylib
0x000000000ad42000 	/System/Library/Frameworks/ApplicationServices.framework/Versions/A/Frameworks/ATS.framework/Versions/A/ATS
0x000000000ad42000 	/System/Library/Frameworks/ApplicationServices.framework/Versions/A/Frameworks/ColorSync.framework/Versions/A/ColorSync
0x000000000ad42000 	/System/Library/Frameworks/ApplicationServices.framework/Versions/A/Frameworks/HIServices.framework/Versions/A/HIServices
0x000000000ad42000 	/System/Library/Frameworks/ApplicationServices.framework/Versions/A/Frameworks/LangAnalysis.framework/Versions/A/LangAnalysis
0x000000000ad42000 	/System/Library/Frameworks/ApplicationServices.framework/Versions/A/Frameworks/PrintCore.framework/Versions/A/PrintCore
0x000000000ad42000 	/System/Library/Frameworks/ApplicationServices.framework/Versions/A/Frameworks/QD.framework/Versions/A/QD
0x000000000ad42000 	/System/Library/Frameworks/ApplicationServices.framework/Versions/A/Frameworks/SpeechSynthesis.framework/Versions/A/SpeechSynthesis
0x000000000ad42000 	/System/Library/Frameworks/Accelerate.framework/Versions/A/Accelerate
0x000000000ad42000 	/System/Library/Frameworks/Accelerate.framework/Versions/A/Frameworks/vImage.framework/Versions/A/vImage
0x000000000ad42000 	/System/Library/Frameworks/Accelerate.framework/Versions/A/Frameworks/vecLib.framework/Versions/A/vecLib
0x000000000ad42000 	/System/Library/Frameworks/Accelerate.framework/Versions/A/Frameworks/vecLib.framework/Versions/A/libvDSP.dylib
0x000000000ad42000 	/System/Library/Frameworks/Accelerate.framework/Versions/A/Frameworks/vecLib.framework/Versions/A/libvMisc.dylib
0x000000000ad42000 	/System/Library/Frameworks/Accelerate.framework/Versions/A/Frameworks/vecLib.framework/Versions/A/libLAPACK.dylib
0x000000000ad42000 	/System/Library/Frameworks/Accelerate.framework/Versions/A/Frameworks/vecLib.framework/Versions/A/libBLAS.dylib
0x000000000ad42000 	/System/Library/Frameworks/Accelerate.framework/Versions/A/Frameworks/vecLib.framework/Versions/A/libLinearAlgebra.dylib
0x000000000ad42000 	/System/Library/Frameworks/ApplicationServices.framework/Versions/A/Frameworks/ATS.framework/Versions/A/Resources/libFontParser.dylib
0x000000000ad42000 	/System/Library/Frameworks/ApplicationServices.framework/Versions/A/Frameworks/ATS.framework/Versions/A/Resources/libFontRegistry.dylib
0x000000000ad42000 	/System/Library/PrivateFrameworks/AppleVPA.framework/Versions/A/AppleVPA
0x000000000ad42000 	/System/Library/PrivateFrameworks/AppleJPEG.framework/Versions/A/AppleJPEG
0x000000000ad42000 	/System/Library/Frameworks/ImageIO.framework/Versions/A/Resources/libJPEG.dylib
0x000000000ad42000 	/System/Library/Frameworks/ImageIO.framework/Versions/A/Resources/libTIFF.dylib
0x000000000ad42000 	/System/Library/Frameworks/ImageIO.framework/Versions/A/Resources/libPng.dylib
0x000000000ad42000 	/System/Library/Frameworks/ImageIO.framework/Versions/A/Resources/libGIF.dylib
0x000000000ad42000 	/System/Library/Frameworks/ImageIO.framework/Versions/A/Resources/libJP2.dylib
0x000000000ad42000 	/System/Library/Frameworks/ImageIO.framework/Versions/A/Resources/libRadiance.dylib
0x000000000ad42000 	/System/Library/Frameworks/CoreVideo.framework/Versions/A/CoreVideo
0x000000000ad42000 	/System/Library/Frameworks/OpenGL.framework/Versions/A/Libraries/libGLU.dylib
0x000000000ad42000 	/System/Library/Frameworks/OpenGL.framework/Versions/A/Libraries/libGFXShared.dylib
0x000000000ad42000 	/System/Library/Frameworks/OpenGL.framework/Versions/A/Libraries/libGL.dylib
0x000000000ad42000 	/System/Library/Frameworks/OpenGL.framework/Versions/A/Libraries/libGLImage.dylib
0x000000000ad42000 	/System/Library/Frameworks/OpenGL.framework/Versions/A/Libraries/libCVMSPluginSupport.dylib
0x000000000ad42000 	/System/Library/Frameworks/OpenGL.framework/Versions/A/Libraries/libCoreVMClient.dylib
0x000000000ad42000 	/usr/lib/libcups.2.dylib
0x000000000ad42000 	/System/Library/Frameworks/Kerberos.framework/Versions/A/Kerberos
0x000000000ad42000 	/System/Library/Frameworks/GSS.framework/Versions/A/GSS
0x000000000ad42000 	/usr/lib/libresolv.9.dylib
0x000000000ad42000 	/usr/lib/libiconv.2.dylib
0x000000000ad42000 	/System/Library/PrivateFrameworks/Heimdal.framework/Versions/A/Heimdal
0x000000000ad42000 	/usr/lib/libheimdal-asn1.dylib
0x000000000ad42000 	/System/Library/Frameworks/OpenDirectory.framework/Versions/A/OpenDirectory
0x000000000ad42000 	/System/Library/PrivateFrameworks/CommonAuth.framework/Versions/A/CommonAuth
0x000000000ad42000 	/System/Library/Frameworks/OpenDirectory.framework/Versions/A/Frameworks/CFOpenDirectory.framework/Versions/A/CFOpenDirectory
0x000000000ad42000 	/System/Library/Frameworks/SecurityFoundation.framework/Versions/A/SecurityFoundation
0x000000000ad42000 	/System/Library/PrivateFrameworks/LanguageModeling.framework/Versions/A/LanguageModeling
0x000000000ad42000 	/usr/lib/libcmph.dylib
0x000000000ad42000 	/System/Library/Frameworks/ServiceManagement.framework/Versions/A/ServiceManagement
0x000000000ad42000 	/usr/lib/libxslt.1.dylib
0x000000000ad42000 	/System/Library/Frameworks/Carbon.framework/Versions/A/Frameworks/Ink.framework/Versions/A/Ink
0x000000000ad42000 	/System/Library/Frameworks/QuartzCore.framework/Versions/A/Frameworks/CoreImage.framework/Versions/A/CoreImage
0x000000000ad42000 	/System/Library/PrivateFrameworks/CrashReporterSupport.framework/Versions/A/CrashReporterSupport
0x000000000ad42000 	/System/Library/Frameworks/OpenCL.framework/Versions/A/OpenCL
0x000000000ad42000 	/System/Library/PrivateFrameworks/FaceCore.framework/Versions/A/FaceCore
0x000000000ad42000 	/System/Library/PrivateFrameworks/Ubiquity.framework/Versions/A/Ubiquity
0x000000000ad42000 	/System/Library/PrivateFrameworks/IconServices.framework/Versions/A/IconServices
0x000000000ad42000 	/System/Library/PrivateFrameworks/ChunkingLibrary.framework/Versions/A/ChunkingLibrary
0x000000000ad42000 	/System/Library/PrivateFrameworks/Apple80211.framework/Versions/A/Apple80211
0x000000000ad42000 	/System/Library/Frameworks/CoreWLAN.framework/Versions/A/CoreWLAN
0x000000000ad42000 	/System/Library/Frameworks/IOBluetooth.framework/Versions/A/IOBluetooth
0x000000000ad42000 	/System/Library/PrivateFrameworks/CoreWiFi.framework/Versions/A/CoreWiFi
0x000000000ad42000 	/System/Library/Frameworks/CoreBluetooth.framework/Versions/A/CoreBluetooth
0x000000000ad42000 	/System/Library/PrivateFrameworks/DebugSymbols.framework/Versions/A/DebugSymbols
0x000000000ad42000 	/System/Library/PrivateFrameworks/CoreSymbolication.framework/Versions/A/CoreSymbolication
0x000000000ad42000 	/System/Library/PrivateFrameworks/Symbolication.framework/Versions/A/Symbolication
0x000000000ad42000 	/System/Library/PrivateFrameworks/SpeechRecognitionCore.framework/Versions/A/SpeechRecognitionCore
0x000000010aa00000 	/Library/Java/JavaVirtualMachines/jdk1.8.0_112.jdk/Contents/Home/jre/lib/server/libjvm.dylib
0x000000000ad42000 	/usr/lib/libstdc++.6.dylib
0x000000010a1bd000 	/Library/Java/JavaVirtualMachines/jdk1.8.0_112.jdk/Contents/Home/jre/lib/libverify.dylib
0x000000010a1cb000 	/Library/Java/JavaVirtualMachines/jdk1.8.0_112.jdk/Contents/Home/jre/lib/libjava.dylib
0x000000010b9ac000 	/Library/Java/JavaVirtualMachines/jdk1.8.0_112.jdk/Contents/Home/jre/lib/libzip.dylib
0x0000000126500000 	/System/Library/Frameworks/JavaVM.framework/Frameworks/JavaRuntimeSupport.framework/JavaRuntimeSupport
0x0000000126516000 	/System/Library/Frameworks/JavaVM.framework/Versions/A/Frameworks/JavaNativeFoundation.framework/Versions/A/JavaNativeFoundation
0x000000012652a000 	/System/Library/Frameworks/JavaVM.framework/Versions/A/JavaVM
0x000000000ad42000 	/System/Library/Frameworks/Carbon.framework/Versions/A/Carbon
0x0000000126536000 	/System/Library/PrivateFrameworks/JavaLaunching.framework/Versions/A/JavaLaunching
0x000000000ad42000 	/System/Library/Frameworks/Carbon.framework/Versions/A/Frameworks/CommonPanels.framework/Versions/A/CommonPanels
0x000000000ad42000 	/System/Library/Frameworks/Carbon.framework/Versions/A/Frameworks/Help.framework/Versions/A/Help
0x000000000ad42000 	/System/Library/Frameworks/Carbon.framework/Versions/A/Frameworks/ImageCapture.framework/Versions/A/ImageCapture
0x000000000ad42000 	/System/Library/Frameworks/Carbon.framework/Versions/A/Frameworks/OpenScripting.framework/Versions/A/OpenScripting
0x000000000ad42000 	/System/Library/Frameworks/Carbon.framework/Versions/A/Frameworks/Print.framework/Versions/A/Print
0x000000000ad42000 	/System/Library/Frameworks/Carbon.framework/Versions/A/Frameworks/SecurityHI.framework/Versions/A/SecurityHI
0x00000001286ea000 	/Library/Java/JavaVirtualMachines/jdk1.8.0_112.jdk/Contents/Home/jre/lib/libawt.dylib
0x0000000128792000 	/Library/Java/JavaVirtualMachines/jdk1.8.0_112.jdk/Contents/Home/jre/lib/./libmlib_image.dylib
0x000000012885e000 	/Library/Java/JavaVirtualMachines/jdk1.8.0_112.jdk/Contents/Home/jre/lib/libawt_lwawt.dylib
0x0000000128915000 	/Library/Java/JavaVirtualMachines/jdk1.8.0_112.jdk/Contents/Home/jre/lib/./libosxapp.dylib
0x000000000ad42000 	/System/Library/Frameworks/ExceptionHandling.framework/Versions/A/ExceptionHandling
0x0000000128957000 	/Library/Java/JavaVirtualMachines/jdk1.8.0_112.jdk/Contents/Home/jre/lib/libnet.dylib
0x0000000128ec5000 	/Library/Java/JavaVirtualMachines/jdk1.8.0_112.jdk/Contents/Home/jre/lib/libnio.dylib
0x0000000128fd8000 	/Library/Java/JavaVirtualMachines/jdk1.8.0_112.jdk/Contents/Home/jre/lib/libfontmanager.dylib
0x000000012903f000 	/Library/Java/JavaVirtualMachines/jdk1.8.0_112.jdk/Contents/Home/jre/lib/libosx.dylib
0x000000000ad42000 	/System/Library/PrivateFrameworks/CoreServicesInternal.framework/Versions/A/CoreServicesInternal
0x000000000ad42000 	/System/Library/Frameworks/CoreGraphics.framework/Versions/A/Resources/libCGXType.A.dylib
0x000000000ad42000 	/System/Library/Frameworks/ApplicationServices.framework/Versions/A/Frameworks/ATS.framework/Versions/A/Resources/libTrueTypeScaler.dylib
0x00000001962cf000 	/Library/Java/JavaVirtualMachines/jdk1.8.0_112.jdk/Contents/Home/jre/lib/libmanagement.dylib
0x0000000195cb6000 	/private/var/folders/p9/h7434f1s0k9fp030m9slwj00s60whc/T/jna-644894941/jna6171661554811470369.tmp
0x0000000198881000 	/Users/hbernabe/anaconda/pkgs/openmm-7.1.0rc1-py36_0/lib/libOpenMM.dylib

VM Arguments:
jvm_args: -Xms4G -Xmx4G -Xss1M -Djava.system.class.loader=ffx.FFXClassLoader -Djava.library.path=modules/numerics/src/main/java/ffx/numerics/fft -Djava.awt.headless=true -Dj3d.rend=jogl -Dapp.name=Force Field X -Dapp.pid=60881 -Dapp.repo=/Users/hbernabe/ffx -Dbasedir=/Users/hbernabe/ffx 
java_command: ffx.Main Energy -o examples/watersmall.xyz -Djna.library.path=/Users/hbernabe/anaconda/pkgs/openmm-7.1.0rc1-py36_0/lib/
java_class_path (initial): /Users/hbernabe/ffx/bin/ffx-all.jar
Launcher Type: SUN_STANDARD

Environment Variables:
JAVA_HOME=/Library/Java/JavaVirtualMachines/jdk1.8.0_112.jdk/Contents/Home
PATH=/Users/hbernabe/anaconda/bin:/Users/hbernabe/anaconda/bin:/Users/hbernabe/anaconda/bin:/Users/hbernabe/anaconda/bin:/Users/hbernabe/anaconda/bin:/Users/hbernabe/anaconda/bin:/Developer/NVIDIA/CUDA-6.5/bin:/usr/local/phenix-1.9-1692/build/mac-intel-osx-x86_64/bin:/Users/hbernabe/ffx/bin:/Applications/groovy/bin:/Applications/maven/bin:/Library/Java/JavaVirtualMachines/jdk1.8.0_112.jdk/Contents/Home/bin:/Applications/TINKER/bin:/Applications/NAMD:/usr/local/bin:/usr/bin:/bin:/usr/sbin:/sbin:/opt/X11/bin:/Users/hbernabe/Desktop/ffx/bin:/Users/hbernabe/bin:/Users/hbernabe/Desktop/ffx/bin:/Users/hbernabe/bin:/Users/hbernabe/Desktop/ffx/bin:/Users/hbernabe/bin
SHELL=/bin/bash
DISPLAY=/private/tmp/com.apple.launchd.jjEB35SZnz/org.macosforge.xquartz:0
DYLD_LIBRARY_PATH=/Developer/NVIDIA/CUDA-6.5/lib:

Signal Handlers:
SIGSEGV: [libjvm.dylib+0x5b11a5], sa_mask[0]=11111111011111110111111111111111, sa_flags=SA_ONSTACK|SA_RESTART|SA_SIGINFO
SIGBUS: [libjvm.dylib+0x5b11a5], sa_mask[0]=11111111011111110111111111111111, sa_flags=SA_RESTART|SA_SIGINFO
SIGFPE: [libjvm.dylib+0x487dc0], sa_mask[0]=11111111011111110111111111111111, sa_flags=SA_RESTART|SA_SIGINFO
SIGPIPE: [libjvm.dylib+0x487dc0], sa_mask[0]=11111111011111110111111111111111, sa_flags=SA_RESTART|SA_SIGINFO
SIGXFSZ: [libjvm.dylib+0x487dc0], sa_mask[0]=11111111011111110111111111111111, sa_flags=SA_RESTART|SA_SIGINFO
SIGILL: [libjvm.dylib+0x487dc0], sa_mask[0]=11111111011111110111111111111111, sa_flags=SA_RESTART|SA_SIGINFO
SIGUSR1: SIG_DFL, sa_mask[0]=11011111011111100000000111000110, sa_flags=none
SIGUSR2: [libjvm.dylib+0x4878de], sa_mask[0]=00000000000000000000000000000000, sa_flags=SA_RESTART|SA_SIGINFO
SIGHUP: [libjvm.dylib+0x485eb5], sa_mask[0]=11111111011111110111111111111111, sa_flags=SA_RESTART|SA_SIGINFO
SIGINT: [libjvm.dylib+0x485eb5], sa_mask[0]=11111111011111110111111111111111, sa_flags=SA_RESTART|SA_SIGINFO
SIGTERM: [libjvm.dylib+0x485eb5], sa_mask[0]=11111111011111110111111111111111, sa_flags=SA_RESTART|SA_SIGINFO
SIGQUIT: [libjvm.dylib+0x485eb5], sa_mask[0]=11111111011111110111111111111111, sa_flags=SA_RESTART|SA_SIGINFO


---------------  S Y S T E M  ---------------

OS:Bsduname:Darwin 14.5.0 Darwin Kernel Version 14.5.0: Sun Sep 25 22:07:15 PDT 2016; root:xnu-2782.50.9~1/RELEASE_X86_64 x86_64
rlimit: STACK 8192k, CORE 0k, NPROC 709, NOFILE 10240, AS infinity
load average:1.77 1.69 1.67

CPU:total 4 (4 cores per cpu, 1 threads per core) family 6 model 60 stepping 3, cmov, cx8, fxsr, mmx, sse, sse2, sse3, ssse3, sse4.1, sse4.2, popcnt, avx, avx2, aes, clmul, erms, rtm, lzcnt, tsc, tscinvbit, bmi1, bmi2

Memory: 4k page, physical 8388608k(20064k free)

/proc/meminfo:


vm_info: Java HotSpot(TM) 64-Bit Server VM (25.112-b16) for bsd-amd64 JRE (1.8.0_112-b16), built on Sep 30 2016 22:41:41 by "java_re" with gcc 4.2.1 (Based on Apple Inc. build 5658) (LLVM build 2336.11.00)

time: Mon Apr 24 11:37:14 2017
elapsed time: 9 seconds (0d 0h 0m 9s)

