#
# A fatal error has been detected by the Java Runtime Environment:
#
#  SIGSEGV (0xb) at pc=0x000000019946e1ae, pid=59959, tid=0x0000000000001303
#
# JRE version: Java(TM) SE Runtime Environment (8.0_112-b16) (build 1.8.0_112-b16)
# Java VM: Java HotSpot(TM) 64-Bit Server VM (25.112-b16 mixed mode bsd-amd64 compressed oops)
# Problematic frame:
# C  [libOpenMM.dylib+0x16d1ae]  OpenMM_StringArray_get+0xe
#
# Failed to write core dump. Core dumps have been disabled. To enable core dumping, try "ulimit -c unlimited" before starting Java again
#
# If you would like to submit a bug report, please visit:
#   http://bugreport.java.com/bugreport/crash.jsp
# The crash happened outside the Java Virtual Machine in native code.
# See problematic frame for where to report the bug.
#

---------------  T H R E A D  ---------------

Current thread (0x00007ffa65005800):  JavaThread "main" [_thread_in_native, id=4867, stack(0x000000010a679000,0x000000010a779000)]

siginfo: si_signo: 11 (SIGSEGV), si_code: 1 (SEGV_MAPERR), si_addr: 0x0000000000000000

Registers:
RAX=0x0000000000000000, RBX=0x0000000000000001, RCX=0x0000000000000000, RDX=0x0000000196398088
RSP=0x000000010a776c70, RBP=0x000000010a776c70, RSI=0x0000000000000000, RDI=0x00007ffa66e01ec0
R8 =0xc600311412749932, R9 =0x00007ffa65005800, R10=0x000000010a776bd0, R11=0x000000019946e1a0
R12=0x0000000000000004, R13=0x0000000000000002, R14=0x000000010a7777a8, R15=0x00007ffa66d6b630
RIP=0x000000019946e1ae, EFLAGS=0x0000000000010246, ERR=0x0000000000000004
  TRAPNO=0x000000000000000e

Top of Stack: (sp=0x000000010a776c70)
0x000000010a776c70:   000000010a776c80 000000019675c94c
0x000000010a776c80:   000000000000000e 000000010a777840
0x000000010a776c90:   000000010a776d80 000000019675c456
0x000000010a776ca0:   0000000124d2e930 0000000124d2e930
0x000000010a776cb0:   00000007c0002678 000000010a776d30
0x000000010a776cc0:   00007ffa65005800 000000010a776d44
0x000000010a776cd0:   000000010a776d40 000000010a776d30
0x000000010a776ce0:   000000010a7776b0 000000010a777840
0x000000010a776cf0:   000000019946e1a0 00007ffa66d6b590
0x000000010a776d00:   000000010a776bd0 000000010a776c80
0x000000010a776d10:   0000000000000002 0000000200000002
0x000000010a776d20:   000000010a776bd0 00000001650059f8
0x000000010a776d30:   00007ffa00000002 0000000000000000
0x000000010a776d40:   0000000100000000 c600311412749932
0x000000010a776d50:   000000010a776d80 000000010a7777a0
0x000000010a776d60:   00007ffa66d6b640 0000000000000000
0x000000010a776d70:   00007ffa66d6b590 0000000000000001
0x000000010a776d80:   000000010a777690 0000000196756a53
0x000000010a776d90:   0000000124d2e930 00007ffa65005800
0x000000010a776da0:   000000010a777690 0000000196756655
0x000000010a776db0:   0000000000000000 0000000000000000
0x000000010a776dc0:   000000010a777690 0000000196756629
0x000000010a776dd0:   0000000000000000 0000000000000000
0x000000010a776de0:   000000010a776e10 000000010b500717
0x000000010a776df0:   0000000196398088 00007ffa66d6b5b0
0x000000010a776e00:   00007ffa650059f8 000000010a777840
0x000000010a776e10:   0000000000000002 000000010a777840
0x000000010a776e20:   0000000000000000 0000000000000000
0x000000010a776e30:   000000010a776d90 000000010a776db0
0x000000010a776e40:   000000010a776dd0 000000010a7776b0
0x000000010a776e50:   000000010a776e90 000000010b44debf
0x000000010a776e60:   000000010b812d30 0000000125519eb0 

Instructions: (pc=0x000000019946e1ae)
0x000000019946e18e:   e8 dd 56 e9 ff 66 66 66 66 2e 0f 1f 84 00 00 00
0x000000019946e19e:   00 00 55 48 89 e5 48 63 ce 48 8b 07 48 8d 0c 49
0x000000019946e1ae:   f6 04 c8 01 74 07 48 8b 44 c8 10 5d c3 48 8d 04
0x000000019946e1be:   c8 48 ff c0 5d c3 66 66 66 2e 0f 1f 84 00 00 00 

Register to memory mapping:

RAX=0x0000000000000000 is an unknown value
RBX=0x0000000000000001 is an unknown value
RCX=0x0000000000000000 is an unknown value
RDX={method} {0x0000000196398088} 'set' '(ZJI)V' in 'java/text/DigitList'
RSP=0x000000010a776c70 is pointing into the stack for thread: 0x00007ffa65005800
RBP=0x000000010a776c70 is pointing into the stack for thread: 0x00007ffa65005800
RSI=0x0000000000000000 is an unknown value
RDI=0x00007ffa66e01ec0 is an unknown value
R8 =0xc600311412749932 is an unknown value
R9 =0x00007ffa65005800 is a thread
R10=0x000000010a776bd0 is pointing into the stack for thread: 0x00007ffa65005800
R11=0x000000019946e1a0: OpenMM_StringArray_get+0 in /Users/hbernabe/anaconda/pkgs/openmm-7.1.0rc1-py36_0/lib/libOpenMM.dylib at 0x0000000199301000
R12=0x0000000000000004 is an unknown value
R13=0x0000000000000002 is an unknown value
R14=0x000000010a7777a8 is pointing into the stack for thread: 0x00007ffa65005800
R15=0x00007ffa66d6b630 is an unknown value


Stack: [0x000000010a679000,0x000000010a779000],  sp=0x000000010a776c70,  free space=1015k
Native frames: (J=compiled Java code, j=interpreted, Vv=VM code, C=native code)
C  [libOpenMM.dylib+0x16d1ae]  OpenMM_StringArray_get+0xe
C  [jna3857893213593292464.tmp+0xd94c]  ffi_call_unix64+0x4c
C  0x000000010a777840

Java frames: (J=compiled Java code, j=interpreted, Vv=VM code)
j  simtk.openmm.OpenMMLibrary.OpenMM_StringArray_get(Lcom/sun/jna/ptr/PointerByReference;I)Lcom/sun/jna/Pointer;+0
j  ffx.potential.OpenMMForceFieldEnergy.<init>(Lffx/potential/MolecularAssembly;)V+131
v  ~StubRoutines::call_stub
J 1909  sun.reflect.NativeConstructorAccessorImpl.newInstance0(Ljava/lang/reflect/Constructor;[Ljava/lang/Object;)Ljava/lang/Object; (0 bytes) @ 0x000000010c6f6f23 [0x000000010c6f6ec0+0x63]
J 1908 C1 sun.reflect.NativeConstructorAccessorImpl.newInstance([Ljava/lang/Object;)Ljava/lang/Object; (89 bytes) @ 0x000000010c6f627c [0x000000010c6f5200+0x107c]
J 1484 C1 sun.reflect.DelegatingConstructorAccessorImpl.newInstance([Ljava/lang/Object;)Ljava/lang/Object; (9 bytes) @ 0x000000010c58ac4c [0x000000010c58ab40+0x10c]
J 1610 C1 java.lang.reflect.Constructor.newInstance([Ljava/lang/Object;)Ljava/lang/Object; (87 bytes) @ 0x000000010c5f4d8c [0x000000010c5f48c0+0x4cc]
j  org.codehaus.groovy.reflection.CachedConstructor.invoke([Ljava/lang/Object;)Ljava/lang/Object;+7
j  org.codehaus.groovy.runtime.callsite.ConstructorSite$ConstructorSiteNoUnwrapNoCoerce.callConstructor(Ljava/lang/Object;[Ljava/lang/Object;)Ljava/lang/Object;+14
j  org.codehaus.groovy.runtime.callsite.CallSiteArray.defaultCallConstructor(Lorg/codehaus/groovy/runtime/callsite/CallSite;Ljava/lang/Object;[Ljava/lang/Object;)Ljava/lang/Object;+11
j  org.codehaus.groovy.runtime.callsite.AbstractCallSite.callConstructor(Ljava/lang/Object;[Ljava/lang/Object;)Ljava/lang/Object;+3
j  org.codehaus.groovy.runtime.callsite.AbstractCallSite.callConstructor(Ljava/lang/Object;Ljava/lang/Object;)Ljava/lang/Object;+33
j  ffx.potential.Energy.run()Ljava/lang/Object;+706
j  groovy.lang.GroovyShell.evaluate(Lgroovy/lang/GroovyCodeSource;)Ljava/lang/Object;+7
j  groovy.lang.GroovyShell.evaluate(Ljava/io/File;)Ljava/lang/Object;+16
j  ffx.ui.ModelingShell.runFFXScript(Ljava/io/File;)V+9
j  ffx.ui.MainPanel.openInit(Ljava/io/File;Ljava/lang/String;)Lffx/ui/UIFileOpener;+85
j  ffx.ui.MainPanel.open(Ljava/io/File;Ljava/lang/String;)Ljava/lang/Thread;+3
j  ffx.HeadlessMain.<init>(Ljava/io/File;Ljava/util/List;Lffx/ui/LogHandler;)V+249
j  ffx.Main.startCommandLineInterface(Ljava/io/File;Ljava/util/List;)V+94
j  ffx.Main.main([Ljava/lang/String;)V+132
v  ~StubRoutines::call_stub

---------------  P R O C E S S  ---------------

Java Threads: ( => current thread )
  0x00007ffa641f7800 JavaThread "Thread-28" daemon [_thread_blocked, id=35843, stack(0x00000001991ff000,0x00000001992ff000)]
  0x00007ffa65ee8000 JavaThread "Thread-27" daemon [_thread_blocked, id=35331, stack(0x00000001990fc000,0x00000001991fc000)]
  0x00007ffa67644800 JavaThread "Thread-26" daemon [_thread_blocked, id=34819, stack(0x0000000198ff9000,0x00000001990f9000)]
  0x00007ffa67bb9800 JavaThread "Thread-25" daemon [_thread_blocked, id=34307, stack(0x0000000198ef6000,0x0000000198ff6000)]
  0x00007ffa6470b800 JavaThread "Thread-24" daemon [_thread_blocked, id=33795, stack(0x0000000198df3000,0x0000000198ef3000)]
  0x00007ffa67643800 JavaThread "Thread-23" daemon [_thread_blocked, id=33287, stack(0x0000000198b75000,0x0000000198c75000)]
  0x00007ffa67696000 JavaThread "Thread-22" daemon [_thread_blocked, id=27411, stack(0x0000000198a72000,0x0000000198b72000)]
  0x00007ffa67601800 JavaThread "Thread-21" daemon [_thread_blocked, id=27671, stack(0x000000019896f000,0x0000000198a6f000)]
  0x00007ffa6828b000 JavaThread "Thread-20" daemon [_thread_blocked, id=28171, stack(0x00000001968e7000,0x00000001969e7000)]
  0x00007ffa64d2d000 JavaThread "Thread-19" daemon [_thread_blocked, id=32771, stack(0x0000000197fed000,0x00000001980ed000)]
  0x00007ffa6826b000 JavaThread "Thread-18" daemon [_thread_blocked, id=32259, stack(0x0000000197eea000,0x0000000197fea000)]
  0x00007ffa6558b800 JavaThread "Thread-17" daemon [_thread_blocked, id=31747, stack(0x0000000197de7000,0x0000000197ee7000)]
  0x00007ffa646c4000 JavaThread "Thread-16" daemon [_thread_blocked, id=31235, stack(0x0000000197ce4000,0x0000000197de4000)]
  0x00007ffa647d2000 JavaThread "Thread-15" daemon [_thread_blocked, id=30723, stack(0x0000000197be1000,0x0000000197ce1000)]
  0x00007ffa67b6e000 JavaThread "Thread-14" daemon [_thread_blocked, id=30211, stack(0x0000000197ade000,0x0000000197bde000)]
  0x00007ffa64b18800 JavaThread "Thread-13" daemon [_thread_blocked, id=29699, stack(0x00000001979db000,0x0000000197adb000)]
  0x00007ffa68274800 JavaThread "Thread-12" daemon [_thread_blocked, id=29187, stack(0x00000001976d2000,0x00000001977d2000)]
  0x00007ffa68274000 JavaThread "Thread-11" daemon [_thread_blocked, id=28675, stack(0x00000001975cf000,0x00000001976cf000)]
  0x00007ffa65257800 JavaThread "Java2D Disposer" daemon [_thread_blocked, id=24327, stack(0x0000000129a25000,0x0000000129b25000)]
  0x00007ffa651b0000 JavaThread "Image Fetcher 0" daemon [_thread_blocked, id=24075, stack(0x0000000129922000,0x0000000129a22000)]
  0x00007ffa651a4000 JavaThread "Timer-0" daemon [_thread_blocked, id=23299, stack(0x000000012960c000,0x000000012970c000)]
  0x00007ffa6416e800 JavaThread "Thread-7" daemon [_thread_blocked, id=22787, stack(0x0000000129494000,0x0000000129594000)]
  0x00007ffa649c4000 JavaThread "Thread-6" daemon [_thread_blocked, id=22275, stack(0x0000000129381000,0x0000000129481000)]
  0x00007ffa6581e000 JavaThread "Thread-5" daemon [_thread_blocked, id=21763, stack(0x000000012927e000,0x000000012937e000)]
  0x00007ffa651d0000 JavaThread "Thread-4" daemon [_thread_blocked, id=21251, stack(0x000000012917b000,0x000000012927b000)]
  0x00007ffa651cb000 JavaThread "Thread-3" daemon [_thread_blocked, id=20739, stack(0x0000000129078000,0x0000000129178000)]
  0x00007ffa651a9000 JavaThread "Thread-2" daemon [_thread_blocked, id=20235, stack(0x0000000128f75000,0x0000000129075000)]
  0x00007ffa649c1000 JavaThread "AWT-AppKit" daemon [_thread_in_native, id=1811, stack(0x00007fff54e9e000,0x00007fff5569e000)]
  0x00007ffa64807800 JavaThread "Service Thread" daemon [_thread_blocked, id=18179, stack(0x00000001287ee000,0x00000001288ee000)]
  0x00007ffa64801000 JavaThread "C1 CompilerThread2" daemon [_thread_blocked, id=17667, stack(0x00000001286eb000,0x00000001287eb000)]
  0x00007ffa65809000 JavaThread "C2 CompilerThread1" daemon [_thread_blocked, id=17155, stack(0x00000001285e8000,0x00000001286e8000)]
  0x00007ffa65003000 JavaThread "C2 CompilerThread0" daemon [_thread_blocked, id=16643, stack(0x00000001284e5000,0x00000001285e5000)]
  0x00007ffa65057000 JavaThread "Signal Dispatcher" daemon [_thread_blocked, id=12567, stack(0x00000001283e2000,0x00000001284e2000)]
  0x00007ffa65013800 JavaThread "Finalizer" daemon [_thread_blocked, id=11523, stack(0x00000001269c2000,0x0000000126ac2000)]
  0x00007ffa65010800 JavaThread "Reference Handler" daemon [_thread_blocked, id=11011, stack(0x00000001268bf000,0x00000001269bf000)]
=>0x00007ffa65005800 JavaThread "main" [_thread_in_native, id=4867, stack(0x000000010a679000,0x000000010a779000)]

Other Threads:
  0x00007ffa6405d000 VMThread [stack: 0x00000001267bc000,0x00000001268bc000] [id=10499]
  0x00007ffa650b1000 WatcherThread [stack: 0x00000001288f1000,0x00000001289f1000] [id=18691]

VM state:not at safepoint (normal execution)

VM Mutex/Monitor currently owned by a thread: None

Heap:
 PSYoungGen      total 1223168K, used 131822K [0x000000076ab00000, 0x00000007c0000000, 0x00000007c0000000)
  eden space 1048576K, 12% used [0x000000076ab00000,0x0000000772bbb8c0,0x00000007aab00000)
  from space 174592K, 0% used [0x00000007aab00000,0x00000007aab00000,0x00000007b5580000)
  to   space 174592K, 0% used [0x00000007b5580000,0x00000007b5580000,0x00000007c0000000)
 ParOldGen       total 2796544K, used 22723K [0x00000006c0000000, 0x000000076ab00000, 0x000000076ab00000)
  object space 2796544K, 0% used [0x00000006c0000000,0x00000006c1630e88,0x000000076ab00000)
 Metaspace       used 28602K, capacity 29091K, committed 29312K, reserved 1075200K
  class space    used 3257K, capacity 3440K, committed 3456K, reserved 1048576K

Card table byte_map: [0x000000011b362000,0x000000011bb63000] byte_map_base: 0x0000000117d62000

Marking Bits: (ParMarkBitMap*) 0x000000010b8f0d30
 Begin Bits: [0x000000011c4c5000, 0x00000001204c5000)
 End Bits:   [0x00000001204c5000, 0x00000001244c5000)

Polling page: 0x000000010a7be000

CodeCache: size=245760Kb used=13873Kb max_used=13889Kb free=231886Kb
 bounds [0x000000010bfa2000, 0x000000010cd52000, 0x000000011afa2000]
 total_blobs=3600 nmethods=2768 adapters=744
 compilation: enabled

Compilation events (10 events):
Event: 9.145 Thread 0x00007ffa64801000 2974       1       sun.nio.cs.UTF_8$Encoder::implReplaceWith (8 bytes)
Event: 9.145 Thread 0x00007ffa64801000 nmethod 2974 0x000000010c1568d0 code [0x000000010c156a20, 0x000000010c156b50]
Event: 9.145 Thread 0x00007ffa65003000 2975       4       java.lang.String::checkBounds (46 bytes)
Event: 9.146 Thread 0x00007ffa65003000 nmethod 2975 0x000000010c668650 code [0x000000010c6687a0, 0x000000010c668858]
Event: 9.146 Thread 0x00007ffa65003000 2976   !   4       java.lang.StringCoding::decode (120 bytes)
Event: 9.153 Thread 0x00007ffa65809000 nmethod 2973 0x000000010cd1d690 code [0x000000010cd1d820, 0x000000010cd1e298]
Event: 9.153 Thread 0x00007ffa65809000 2977       4       java.util.WeakHashMap::getEntry (72 bytes)
Event: 9.156 Thread 0x00007ffa65809000 nmethod 2977 0x000000010c465810 code [0x000000010c4659a0, 0x000000010c465d68]
Event: 9.161 Thread 0x00007ffa65003000 nmethod 2976 0x000000010cd17490 code [0x000000010cd17760, 0x000000010cd18f70]
Event: 9.192 Thread 0x00007ffa65809000 2978       4       sun.nio.cs.UTF_8::newDecoder (10 bytes)

GC Heap History (10 events):
Event: 6.433 GC heap before
{Heap before GC invocations=2 (full 1):
 PSYoungGen      total 1223168K, used 5955K [0x000000076ab00000, 0x00000007c0000000, 0x00000007c0000000)
  eden space 1048576K, 0% used [0x000000076ab00000,0x000000076ab00000,0x00000007aab00000)
  from space 174592K, 3% used [0x00000007aab00000,0x00000007ab0d0ed8,0x00000007b5580000)
  to   space 174592K, 0% used [0x00000007b5580000,0x00000007b5580000,0x00000007c0000000)
 ParOldGen       total 2796544K, used 80K [0x00000006c0000000, 0x000000076ab00000, 0x000000076ab00000)
  object space 2796544K, 0% used [0x00000006c0000000,0x00000006c0014010,0x000000076ab00000)
 Metaspace       used 15392K, capacity 15626K, committed 15872K, reserved 1062912K
  class space    used 1888K, capacity 1954K, committed 2048K, reserved 1048576K
Event: 6.452 GC heap after
Heap after GC invocations=2 (full 1):
 PSYoungGen      total 1223168K, used 0K [0x000000076ab00000, 0x00000007c0000000, 0x00000007c0000000)
  eden space 1048576K, 0% used [0x000000076ab00000,0x000000076ab00000,0x00000007aab00000)
  from space 174592K, 0% used [0x00000007aab00000,0x00000007aab00000,0x00000007b5580000)
  to   space 174592K, 0% used [0x00000007b5580000,0x00000007b5580000,0x00000007c0000000)
 ParOldGen       total 2796544K, used 5769K [0x00000006c0000000, 0x000000076ab00000, 0x000000076ab00000)
  object space 2796544K, 0% used [0x00000006c0000000,0x00000006c05a26b0,0x000000076ab00000)
 Metaspace       used 15392K, capacity 15626K, committed 15872K, reserved 1062912K
  class space    used 1888K, capacity 1954K, committed 2048K, reserved 1048576K
}
Event: 7.532 GC heap before
{Heap before GC invocations=3 (full 1):
 PSYoungGen      total 1223168K, used 256902K [0x000000076ab00000, 0x00000007c0000000, 0x00000007c0000000)
  eden space 1048576K, 24% used [0x000000076ab00000,0x000000077a5e1838,0x00000007aab00000)
  from space 174592K, 0% used [0x00000007aab00000,0x00000007aab00000,0x00000007b5580000)
  to   space 174592K, 0% used [0x00000007b5580000,0x00000007b5580000,0x00000007c0000000)
 ParOldGen       total 2796544K, used 5769K [0x00000006c0000000, 0x000000076ab00000, 0x000000076ab00000)
  object space 2796544K, 0% used [0x00000006c0000000,0x00000006c05a26b0,0x000000076ab00000)
 Metaspace       used 25264K, capacity 25767K, committed 25984K, reserved 1073152K
  class space    used 2966K, capacity 3145K, committed 3200K, reserved 1048576K
Event: 7.551 GC heap after
Heap after GC invocations=3 (full 1):
 PSYoungGen      total 1223168K, used 15676K [0x000000076ab00000, 0x00000007c0000000, 0x00000007c0000000)
  eden space 1048576K, 0% used [0x000000076ab00000,0x000000076ab00000,0x00000007aab00000)
  from space 174592K, 8% used [0x00000007b5580000,0x00000007b64cf070,0x00000007c0000000)
  to   space 174592K, 0% used [0x00000007aab00000,0x00000007aab00000,0x00000007b5580000)
 ParOldGen       total 2796544K, used 5777K [0x00000006c0000000, 0x000000076ab00000, 0x000000076ab00000)
  object space 2796544K, 0% used [0x00000006c0000000,0x00000006c05a46b0,0x000000076ab00000)
 Metaspace       used 25264K, capacity 25767K, committed 25984K, reserved 1073152K
  class space    used 2966K, capacity 3145K, committed 3200K, reserved 1048576K
}
Event: 7.551 GC heap before
{Heap before GC invocations=4 (full 2):
 PSYoungGen      total 1223168K, used 15676K [0x000000076ab00000, 0x00000007c0000000, 0x00000007c0000000)
  eden space 1048576K, 0% used [0x000000076ab00000,0x000000076ab00000,0x00000007aab00000)
  from space 174592K, 8% used [0x00000007b5580000,0x00000007b64cf070,0x00000007c0000000)
  to   space 174592K, 0% used [0x00000007aab00000,0x00000007aab00000,0x00000007b5580000)
 ParOldGen       total 2796544K, used 5777K [0x00000006c0000000, 0x000000076ab00000, 0x000000076ab00000)
  object space 2796544K, 0% used [0x00000006c0000000,0x00000006c05a46b0,0x000000076ab00000)
 Metaspace       used 25264K, capacity 25767K, committed 25984K, reserved 1073152K
  class space    used 2966K, capacity 3145K, committed 3200K, reserved 1048576K
Event: 7.613 GC heap after
Heap after GC invocations=4 (full 2):
 PSYoungGen      total 1223168K, used 0K [0x000000076ab00000, 0x00000007c0000000, 0x00000007c0000000)
  eden space 1048576K, 0% used [0x000000076ab00000,0x000000076ab00000,0x00000007aab00000)
  from space 174592K, 0% used [0x00000007b5580000,0x00000007b5580000,0x00000007c0000000)
  to   space 174592K, 0% used [0x00000007aab00000,0x00000007aab00000,0x00000007b5580000)
 ParOldGen       total 2796544K, used 18684K [0x00000006c0000000, 0x000000076ab00000, 0x000000076ab00000)
  object space 2796544K, 0% used [0x00000006c0000000,0x00000006c123f290,0x000000076ab00000)
 Metaspace       used 25264K, capacity 25767K, committed 25984K, reserved 1073152K
  class space    used 2966K, capacity 3145K, committed 3200K, reserved 1048576K
}
Event: 8.087 GC heap before
{Heap before GC invocations=5 (full 2):
 PSYoungGen      total 1223168K, used 141616K [0x000000076ab00000, 0x00000007c0000000, 0x00000007c0000000)
  eden space 1048576K, 13% used [0x000000076ab00000,0x000000077354c308,0x00000007aab00000)
  from space 174592K, 0% used [0x00000007b5580000,0x00000007b5580000,0x00000007c0000000)
  to   space 174592K, 0% used [0x00000007aab00000,0x00000007aab00000,0x00000007b5580000)
 ParOldGen       total 2796544K, used 18684K [0x00000006c0000000, 0x000000076ab00000, 0x000000076ab00000)
  object space 2796544K, 0% used [0x00000006c0000000,0x00000006c123f290,0x000000076ab00000)
 Metaspace       used 27721K, capacity 28179K, committed 28288K, reserved 1075200K
  class space    used 3197K, capacity 3371K, committed 3456K, reserved 1048576K
Event: 8.091 GC heap after
Heap after GC invocations=5 (full 2):
 PSYoungGen      total 1223168K, used 9285K [0x000000076ab00000, 0x00000007c0000000, 0x00000007c0000000)
  eden space 1048576K, 0% used [0x000000076ab00000,0x000000076ab00000,0x00000007aab00000)
  from space 174592K, 5% used [0x00000007aab00000,0x00000007ab411480,0x00000007b5580000)
  to   space 174592K, 0% used [0x00000007b5580000,0x00000007b5580000,0x00000007c0000000)
 ParOldGen       total 2796544K, used 18692K [0x00000006c0000000, 0x000000076ab00000, 0x000000076ab00000)
  object space 2796544K, 0% used [0x00000006c0000000,0x00000006c1241290,0x000000076ab00000)
 Metaspace       used 27721K, capacity 28179K, committed 28288K, reserved 1075200K
  class space    used 3197K, capacity 3371K, committed 3456K, reserved 1048576K
}
Event: 8.091 GC heap before
{Heap before GC invocations=6 (full 3):
 PSYoungGen      total 1223168K, used 9285K [0x000000076ab00000, 0x00000007c0000000, 0x00000007c0000000)
  eden space 1048576K, 0% used [0x000000076ab00000,0x000000076ab00000,0x00000007aab00000)
  from space 174592K, 5% used [0x00000007aab00000,0x00000007ab411480,0x00000007b5580000)
  to   space 174592K, 0% used [0x00000007b5580000,0x00000007b5580000,0x00000007c0000000)
 ParOldGen       total 2796544K, used 18692K [0x00000006c0000000, 0x000000076ab00000, 0x000000076ab00000)
  object space 2796544K, 0% used [0x00000006c0000000,0x00000006c1241290,0x000000076ab00000)
 Metaspace       used 27721K, capacity 28179K, committed 28288K, reserved 1075200K
  class space    used 3197K, capacity 3371K, committed 3456K, reserved 1048576K
Event: 8.183 GC heap after
Heap after GC invocations=6 (full 3):
 PSYoungGen      total 1223168K, used 0K [0x000000076ab00000, 0x00000007c0000000, 0x00000007c0000000)
  eden space 1048576K, 0% used [0x000000076ab00000,0x000000076ab00000,0x00000007aab00000)
  from space 174592K, 0% used [0x00000007aab00000,0x00000007aab00000,0x00000007b5580000)
  to   space 174592K, 0% used [0x00000007b5580000,0x00000007b5580000,0x00000007c0000000)
 ParOldGen       total 2796544K, used 22723K [0x00000006c0000000, 0x000000076ab00000, 0x000000076ab00000)
  object space 2796544K, 0% used [0x00000006c0000000,0x00000006c1630e88,0x000000076ab00000)
 Metaspace       used 27721K, capacity 28179K, committed 28288K, reserved 1075200K
  class space    used 3197K, capacity 3371K, committed 3456K, reserved 1048576K
}

Deoptimization events (10 events):
Event: 8.491 Thread 0x00007ffa64b18800 Uncommon trap: reason=unstable_if action=reinterpret pc=0x000000010ca6f650 method=ffx.numerics.Erf.erfCore(DZ)D @ 17
Event: 8.491 Thread 0x00007ffa67b6e000 Uncommon trap: reason=unstable_if action=reinterpret pc=0x000000010c8e8ee8 method=org.apache.commons.math3.util.FastMath.exp(DD[D)D @ 7
Event: 8.494 Thread 0x00007ffa68274800 Uncommon trap: reason=unstable_if action=reinterpret pc=0x000000010ca6f650 method=ffx.numerics.Erf.erfCore(DZ)D @ 17
Event: 8.553 Thread 0x00007ffa65005800 Uncommon trap: reason=unstable_if action=reinterpret pc=0x000000010c8e9a90 method=org.apache.commons.math3.util.FastMath$Split.<init>(DD)V @ 4
Event: 8.871 Thread 0x00007ffa65005800 Uncommon trap: reason=unstable_if action=reinterpret pc=0x000000010cbc5e94 method=ffx.numerics.Erf.erfCore(DZ)D @ 153
Event: 8.900 Thread 0x00007ffa65005800 Uncommon trap: reason=unstable_if action=reinterpret pc=0x000000010c24fe10 method=java.io.UnixFileSystem.normalize(Ljava/lang/String;)Ljava/lang/String; @ 60
Event: 8.913 Thread 0x00007ffa65005800 Uncommon trap: reason=class_check action=maybe_recompile pc=0x000000010c885a58 method=java.util.regex.Matcher.search(I)Z @ 86
Event: 8.914 Thread 0x00007ffa65005800 Uncommon trap: reason=class_check action=maybe_recompile pc=0x000000010c885a58 method=java.util.regex.Matcher.search(I)Z @ 86
Event: 9.082 Thread 0x00007ffa65005800 Uncommon trap: reason=unstable_if action=reinterpret pc=0x000000010c86e808 method=java.lang.Class.privateGetDeclaredFields(Z)[Ljava/lang/reflect/Field; @ 13
Event: 9.192 Thread 0x00007ffa65005800 Uncommon trap: reason=unstable_if action=reinterpret pc=0x000000010cd18484 method=java.lang.StringCoding.decode(Ljava/lang/String;[BII)[C @ 38

Internal exceptions (10 events):
Event: 7.358 Thread 0x00007ffa65005800 Exception <a 'java/lang/ClassNotFoundException': java/util/ListCustomizer> (0x000000077650de40) thrown at [/Users/java_re/workspace/8-2-build-macosx-x86_64/jdk8u112/7935/hotspot/src/share/vm/classfile/systemDictionary.cpp, line 210]
Event: 7.361 Thread 0x00007ffa65005800 Exception <a 'java/lang/ClassNotFoundException': java/util/logging/LoggerBeanInfo> (0x00000007765840f8) thrown at [/Users/java_re/workspace/8-2-build-macosx-x86_64/jdk8u112/7935/hotspot/src/share/vm/classfile/systemDictionary.cpp, line 210]
Event: 7.362 Thread 0x00007ffa65005800 Exception <a 'java/lang/ClassNotFoundException': java/util/logging/LoggerCustomizer> (0x00000007765904c8) thrown at [/Users/java_re/workspace/8-2-build-macosx-x86_64/jdk8u112/7935/hotspot/src/share/vm/classfile/systemDictionary.cpp, line 210]
Event: 7.366 Thread 0x00007ffa65005800 Exception <a 'java/lang/ClassNotFoundException': ffx/ui/UIUtilsBeanInfo> (0x0000000776637cf8) thrown at [/Users/java_re/workspace/8-2-build-macosx-x86_64/jdk8u112/7935/hotspot/src/share/vm/classfile/systemDictionary.cpp, line 210]
Event: 7.366 Thread 0x00007ffa65005800 Exception <a 'java/lang/ClassNotFoundException': ffx/ui/UIUtilsCustomizer> (0x000000077665e530) thrown at [/Users/java_re/workspace/8-2-build-macosx-x86_64/jdk8u112/7935/hotspot/src/share/vm/classfile/systemDictionary.cpp, line 210]
Event: 7.386 Thread 0x00007ffa65005800 Exception <a 'java/lang/NoClassDefFoundError': org/apache/log4j/Category> (0x0000000776952a98) thrown at [/Users/java_re/workspace/8-2-build-macosx-x86_64/jdk8u112/7935/hotspot/src/share/vm/classfile/systemDictionary.cpp, line 199]
Event: 8.766 Thread 0x00007ffa65005800 Exception <a 'java/lang/ClassNotFoundException': ffx/potential/OpenMMForceFieldEnergyBeanInfo> (0x000000076b116df8) thrown at [/Users/java_re/workspace/8-2-build-macosx-x86_64/jdk8u112/7935/hotspot/src/share/vm/classfile/systemDictionary.cpp, line 210]
Event: 8.767 Thread 0x00007ffa65005800 Exception <a 'java/lang/ClassNotFoundException': ffx/potential/ForceFieldEnergyBeanInfo> (0x000000076b1495a8) thrown at [/Users/java_re/workspace/8-2-build-macosx-x86_64/jdk8u112/7935/hotspot/src/share/vm/classfile/systemDictionary.cpp, line 210]
Event: 8.767 Thread 0x00007ffa65005800 Exception <a 'java/lang/ClassNotFoundException': ffx/potential/ForceFieldEnergyCustomizer> (0x000000076b17e4b8) thrown at [/Users/java_re/workspace/8-2-build-macosx-x86_64/jdk8u112/7935/hotspot/src/share/vm/classfile/systemDictionary.cpp, line 210]
Event: 8.768 Thread 0x00007ffa65005800 Exception <a 'java/lang/ClassNotFoundException': ffx/potential/OpenMMForceFieldEnergyCustomizer> (0x000000076b1fb358) thrown at [/Users/java_re/workspace/8-2-build-macosx-x86_64/jdk8u112/7935/hotspot/src/share/vm/classfile/systemDictionary.cpp, line 210]

Events (10 events):
Event: 9.121 loading class com/sun/jna/Union done
Event: 9.122 loading class com/sun/jna/Structure$FFIType$size_t
Event: 9.122 loading class com/sun/jna/Structure$FFIType$size_t done
Event: 9.122 loading class sun/reflect/UnsafeShortFieldAccessorImpl
Event: 9.123 loading class sun/reflect/UnsafeShortFieldAccessorImpl done
Event: 9.123 loading class com/sun/jna/Structure$2$StructureSet
Event: 9.123 loading class com/sun/jna/Structure$2$StructureSet done
Event: 9.192 Thread 0x00007ffa65005800 Uncommon trap: trap_request=0xffffff65 fr.pc=0x000000010cd18484
Event: 9.192 Thread 0x00007ffa65005800 DEOPT PACKING pc=0x000000010cd18484 sp=0x000000010a777620
Event: 9.192 Thread 0x00007ffa65005800 DEOPT UNPACKING pc=0x000000010bfa7229 sp=0x000000010a7775f0 mode 2


Dynamic libraries:
0x000000000ad42000 	/System/Library/Frameworks/Cocoa.framework/Versions/A/Cocoa
0x000000000ad42000 	/System/Library/Frameworks/Security.framework/Versions/A/Security
0x000000000ad42000 	/System/Library/Frameworks/ApplicationServices.framework/Versions/A/ApplicationServices
0x000000000ad42000 	/usr/lib/libz.1.dylib
0x000000000ad42000 	/usr/lib/libSystem.B.dylib
0x000000000ad42000 	/usr/lib/libobjc.A.dylib
0x000000000ad42000 	/System/Library/Frameworks/CoreFoundation.framework/Versions/A/CoreFoundation
0x000000000ad42000 	/System/Library/Frameworks/Foundation.framework/Versions/C/Foundation
0x000000000ad42000 	/System/Library/Frameworks/AppKit.framework/Versions/C/AppKit
0x000000000ad42000 	/System/Library/Frameworks/CoreData.framework/Versions/A/CoreData
0x000000000ad42000 	/System/Library/PrivateFrameworks/RemoteViewServices.framework/Versions/A/RemoteViewServices
0x000000000ad42000 	/System/Library/PrivateFrameworks/UIFoundation.framework/Versions/A/UIFoundation
0x000000000ad42000 	/System/Library/Frameworks/IOSurface.framework/Versions/A/IOSurface
0x000000000ad42000 	/System/Library/Frameworks/AudioToolbox.framework/Versions/A/AudioToolbox
0x000000000ad42000 	/System/Library/Frameworks/AudioUnit.framework/Versions/A/AudioUnit
0x000000000ad42000 	/System/Library/PrivateFrameworks/DataDetectorsCore.framework/Versions/A/DataDetectorsCore
0x000000000ad42000 	/System/Library/PrivateFrameworks/DesktopServicesPriv.framework/Versions/A/DesktopServicesPriv
0x000000000ad42000 	/System/Library/Frameworks/Carbon.framework/Versions/A/Frameworks/HIToolbox.framework/Versions/A/HIToolbox
0x000000000ad42000 	/System/Library/Frameworks/QuartzCore.framework/Versions/A/QuartzCore
0x000000000ad42000 	/System/Library/Frameworks/Carbon.framework/Versions/A/Frameworks/SpeechRecognition.framework/Versions/A/SpeechRecognition
0x000000000ad42000 	/usr/lib/libauto.dylib
0x000000000ad42000 	/usr/lib/libicucore.A.dylib
0x000000000ad42000 	/usr/lib/libxml2.2.dylib
0x000000000ad42000 	/System/Library/PrivateFrameworks/CoreUI.framework/Versions/A/CoreUI
0x000000000ad42000 	/System/Library/Frameworks/CoreAudio.framework/Versions/A/CoreAudio
0x000000000ad42000 	/System/Library/Frameworks/DiskArbitration.framework/Versions/A/DiskArbitration
0x000000000ad42000 	/usr/lib/liblangid.dylib
0x000000000ad42000 	/System/Library/PrivateFrameworks/MultitouchSupport.framework/Versions/A/MultitouchSupport
0x000000000ad42000 	/System/Library/Frameworks/IOKit.framework/Versions/A/IOKit
0x000000000ad42000 	/usr/lib/libDiagnosticMessagesClient.dylib
0x000000000ad42000 	/System/Library/Frameworks/CoreServices.framework/Versions/A/CoreServices
0x000000000ad42000 	/System/Library/PrivateFrameworks/PerformanceAnalysis.framework/Versions/A/PerformanceAnalysis
0x000000000ad42000 	/System/Library/PrivateFrameworks/GenerationalStorage.framework/Versions/A/GenerationalStorage
0x000000000ad42000 	/System/Library/Frameworks/OpenGL.framework/Versions/A/OpenGL
0x000000000ad42000 	/System/Library/PrivateFrameworks/Sharing.framework/Versions/A/Sharing
0x000000000ad42000 	/System/Library/Frameworks/CoreGraphics.framework/Versions/A/CoreGraphics
0x000000000ad42000 	/System/Library/Frameworks/CoreText.framework/Versions/A/CoreText
0x000000000ad42000 	/System/Library/Frameworks/ImageIO.framework/Versions/A/ImageIO
0x000000000ad42000 	/usr/lib/libextension.dylib
0x000000000ad42000 	/System/Library/PrivateFrameworks/Backup.framework/Versions/A/Backup
0x000000000ad42000 	/usr/lib/libarchive.2.dylib
0x000000000ad42000 	/System/Library/Frameworks/CFNetwork.framework/Versions/A/CFNetwork
0x000000000ad42000 	/System/Library/Frameworks/SystemConfiguration.framework/Versions/A/SystemConfiguration
0x000000000ad42000 	/usr/lib/libCRFSuite.dylib
0x000000000ad42000 	/usr/lib/libc++.1.dylib
0x000000000ad42000 	/usr/lib/libc++abi.dylib
0x000000000ad42000 	/usr/lib/system/libcache.dylib
0x000000000ad42000 	/usr/lib/system/libcommonCrypto.dylib
0x000000000ad42000 	/usr/lib/system/libcompiler_rt.dylib
0x000000000ad42000 	/usr/lib/system/libcopyfile.dylib
0x000000000ad42000 	/usr/lib/system/libcorecrypto.dylib
0x000000000ad42000 	/usr/lib/system/libdispatch.dylib
0x000000000ad42000 	/usr/lib/system/libdyld.dylib
0x000000000ad42000 	/usr/lib/system/libkeymgr.dylib
0x000000000ad42000 	/usr/lib/system/liblaunch.dylib
0x000000000ad42000 	/usr/lib/system/libmacho.dylib
0x000000000ad42000 	/usr/lib/system/libquarantine.dylib
0x000000000ad42000 	/usr/lib/system/libremovefile.dylib
0x000000000ad42000 	/usr/lib/system/libsystem_asl.dylib
0x000000000ad42000 	/usr/lib/system/libsystem_blocks.dylib
0x000000000ad42000 	/usr/lib/system/libsystem_c.dylib
0x000000000ad42000 	/usr/lib/system/libsystem_configuration.dylib
0x000000000ad42000 	/usr/lib/system/libsystem_coreservices.dylib
0x000000000ad42000 	/usr/lib/system/libsystem_coretls.dylib
0x000000000ad42000 	/usr/lib/system/libsystem_dnssd.dylib
0x000000000ad42000 	/usr/lib/system/libsystem_info.dylib
0x000000000ad42000 	/usr/lib/system/libsystem_kernel.dylib
0x000000000ad42000 	/usr/lib/system/libsystem_m.dylib
0x000000000ad42000 	/usr/lib/system/libsystem_malloc.dylib
0x000000000ad42000 	/usr/lib/system/libsystem_network.dylib
0x000000000ad42000 	/usr/lib/system/libsystem_networkextension.dylib
0x000000000ad42000 	/usr/lib/system/libsystem_notify.dylib
0x000000000ad42000 	/usr/lib/system/libsystem_platform.dylib
0x000000000ad42000 	/usr/lib/system/libsystem_pthread.dylib
0x000000000ad42000 	/usr/lib/system/libsystem_sandbox.dylib
0x000000000ad42000 	/usr/lib/system/libsystem_secinit.dylib
0x000000000ad42000 	/usr/lib/system/libsystem_stats.dylib
0x000000000ad42000 	/usr/lib/system/libsystem_trace.dylib
0x000000000ad42000 	/usr/lib/system/libunc.dylib
0x000000000ad42000 	/usr/lib/system/libunwind.dylib
0x000000000ad42000 	/usr/lib/system/libxpc.dylib
0x000000000ad42000 	/usr/lib/libbz2.1.0.dylib
0x000000000ad42000 	/usr/lib/liblzma.5.dylib
0x000000000ad42000 	/usr/lib/libbsm.0.dylib
0x000000000ad42000 	/usr/lib/libsqlite3.dylib
0x000000000ad42000 	/usr/lib/system/libkxld.dylib
0x000000000ad42000 	/usr/lib/libxar.1.dylib
0x000000000ad42000 	/usr/lib/libpam.2.dylib
0x000000000ad42000 	/usr/lib/libOpenScriptingUtil.dylib
0x000000000ad42000 	/System/Library/Frameworks/CoreServices.framework/Versions/A/Frameworks/FSEvents.framework/Versions/A/FSEvents
0x000000000ad42000 	/System/Library/Frameworks/CoreServices.framework/Versions/A/Frameworks/CarbonCore.framework/Versions/A/CarbonCore
0x000000000ad42000 	/System/Library/Frameworks/CoreServices.framework/Versions/A/Frameworks/Metadata.framework/Versions/A/Metadata
0x000000000ad42000 	/System/Library/Frameworks/CoreServices.framework/Versions/A/Frameworks/OSServices.framework/Versions/A/OSServices
0x000000000ad42000 	/System/Library/Frameworks/CoreServices.framework/Versions/A/Frameworks/SearchKit.framework/Versions/A/SearchKit
0x000000000ad42000 	/System/Library/Frameworks/CoreServices.framework/Versions/A/Frameworks/AE.framework/Versions/A/AE
0x000000000ad42000 	/System/Library/Frameworks/CoreServices.framework/Versions/A/Frameworks/LaunchServices.framework/Versions/A/LaunchServices
0x000000000ad42000 	/System/Library/Frameworks/CoreServices.framework/Versions/A/Frameworks/DictionaryServices.framework/Versions/A/DictionaryServices
0x000000000ad42000 	/System/Library/Frameworks/NetFS.framework/Versions/A/NetFS
0x000000000ad42000 	/System/Library/PrivateFrameworks/NetAuth.framework/Versions/A/NetAuth
0x000000000ad42000 	/System/Library/PrivateFrameworks/login.framework/Versions/A/Frameworks/loginsupport.framework/Versions/A/loginsupport
0x000000000ad42000 	/System/Library/PrivateFrameworks/TCC.framework/Versions/A/TCC
0x000000000ad42000 	/usr/lib/libmecabra.dylib
0x000000000ad42000 	/System/Library/Frameworks/ApplicationServices.framework/Versions/A/Frameworks/ATS.framework/Versions/A/ATS
0x000000000ad42000 	/System/Library/Frameworks/ApplicationServices.framework/Versions/A/Frameworks/ColorSync.framework/Versions/A/ColorSync
0x000000000ad42000 	/System/Library/Frameworks/ApplicationServices.framework/Versions/A/Frameworks/HIServices.framework/Versions/A/HIServices
0x000000000ad42000 	/System/Library/Frameworks/ApplicationServices.framework/Versions/A/Frameworks/LangAnalysis.framework/Versions/A/LangAnalysis
0x000000000ad42000 	/System/Library/Frameworks/ApplicationServices.framework/Versions/A/Frameworks/PrintCore.framework/Versions/A/PrintCore
0x000000000ad42000 	/System/Library/Frameworks/ApplicationServices.framework/Versions/A/Frameworks/QD.framework/Versions/A/QD
0x000000000ad42000 	/System/Library/Frameworks/ApplicationServices.framework/Versions/A/Frameworks/SpeechSynthesis.framework/Versions/A/SpeechSynthesis
0x000000000ad42000 	/System/Library/Frameworks/Accelerate.framework/Versions/A/Accelerate
0x000000000ad42000 	/System/Library/Frameworks/Accelerate.framework/Versions/A/Frameworks/vImage.framework/Versions/A/vImage
0x000000000ad42000 	/System/Library/Frameworks/Accelerate.framework/Versions/A/Frameworks/vecLib.framework/Versions/A/vecLib
0x000000000ad42000 	/System/Library/Frameworks/Accelerate.framework/Versions/A/Frameworks/vecLib.framework/Versions/A/libvDSP.dylib
0x000000000ad42000 	/System/Library/Frameworks/Accelerate.framework/Versions/A/Frameworks/vecLib.framework/Versions/A/libvMisc.dylib
0x000000000ad42000 	/System/Library/Frameworks/Accelerate.framework/Versions/A/Frameworks/vecLib.framework/Versions/A/libLAPACK.dylib
0x000000000ad42000 	/System/Library/Frameworks/Accelerate.framework/Versions/A/Frameworks/vecLib.framework/Versions/A/libBLAS.dylib
0x000000000ad42000 	/System/Library/Frameworks/Accelerate.framework/Versions/A/Frameworks/vecLib.framework/Versions/A/libLinearAlgebra.dylib
0x000000000ad42000 	/System/Library/Frameworks/ApplicationServices.framework/Versions/A/Frameworks/ATS.framework/Versions/A/Resources/libFontParser.dylib
0x000000000ad42000 	/System/Library/Frameworks/ApplicationServices.framework/Versions/A/Frameworks/ATS.framework/Versions/A/Resources/libFontRegistry.dylib
0x000000000ad42000 	/System/Library/PrivateFrameworks/AppleVPA.framework/Versions/A/AppleVPA
0x000000000ad42000 	/System/Library/PrivateFrameworks/AppleJPEG.framework/Versions/A/AppleJPEG
0x000000000ad42000 	/System/Library/Frameworks/ImageIO.framework/Versions/A/Resources/libJPEG.dylib
0x000000000ad42000 	/System/Library/Frameworks/ImageIO.framework/Versions/A/Resources/libTIFF.dylib
0x000000000ad42000 	/System/Library/Frameworks/ImageIO.framework/Versions/A/Resources/libPng.dylib
0x000000000ad42000 	/System/Library/Frameworks/ImageIO.framework/Versions/A/Resources/libGIF.dylib
0x000000000ad42000 	/System/Library/Frameworks/ImageIO.framework/Versions/A/Resources/libJP2.dylib
0x000000000ad42000 	/System/Library/Frameworks/ImageIO.framework/Versions/A/Resources/libRadiance.dylib
0x000000000ad42000 	/System/Library/Frameworks/CoreVideo.framework/Versions/A/CoreVideo
0x000000000ad42000 	/System/Library/Frameworks/OpenGL.framework/Versions/A/Libraries/libGLU.dylib
0x000000000ad42000 	/System/Library/Frameworks/OpenGL.framework/Versions/A/Libraries/libGFXShared.dylib
0x000000000ad42000 	/System/Library/Frameworks/OpenGL.framework/Versions/A/Libraries/libGL.dylib
0x000000000ad42000 	/System/Library/Frameworks/OpenGL.framework/Versions/A/Libraries/libGLImage.dylib
0x000000000ad42000 	/System/Library/Frameworks/OpenGL.framework/Versions/A/Libraries/libCVMSPluginSupport.dylib
0x000000000ad42000 	/System/Library/Frameworks/OpenGL.framework/Versions/A/Libraries/libCoreVMClient.dylib
0x000000000ad42000 	/usr/lib/libcups.2.dylib
0x000000000ad42000 	/System/Library/Frameworks/Kerberos.framework/Versions/A/Kerberos
0x000000000ad42000 	/System/Library/Frameworks/GSS.framework/Versions/A/GSS
0x000000000ad42000 	/usr/lib/libresolv.9.dylib
0x000000000ad42000 	/usr/lib/libiconv.2.dylib
0x000000000ad42000 	/System/Library/PrivateFrameworks/Heimdal.framework/Versions/A/Heimdal
0x000000000ad42000 	/usr/lib/libheimdal-asn1.dylib
0x000000000ad42000 	/System/Library/Frameworks/OpenDirectory.framework/Versions/A/OpenDirectory
0x000000000ad42000 	/System/Library/PrivateFrameworks/CommonAuth.framework/Versions/A/CommonAuth
0x000000000ad42000 	/System/Library/Frameworks/OpenDirectory.framework/Versions/A/Frameworks/CFOpenDirectory.framework/Versions/A/CFOpenDirectory
0x000000000ad42000 	/System/Library/Frameworks/SecurityFoundation.framework/Versions/A/SecurityFoundation
0x000000000ad42000 	/System/Library/PrivateFrameworks/LanguageModeling.framework/Versions/A/LanguageModeling
0x000000000ad42000 	/usr/lib/libcmph.dylib
0x000000000ad42000 	/System/Library/Frameworks/ServiceManagement.framework/Versions/A/ServiceManagement
0x000000000ad42000 	/usr/lib/libxslt.1.dylib
0x000000000ad42000 	/System/Library/Frameworks/Carbon.framework/Versions/A/Frameworks/Ink.framework/Versions/A/Ink
0x000000000ad42000 	/System/Library/Frameworks/QuartzCore.framework/Versions/A/Frameworks/CoreImage.framework/Versions/A/CoreImage
0x000000000ad42000 	/System/Library/PrivateFrameworks/CrashReporterSupport.framework/Versions/A/CrashReporterSupport
0x000000000ad42000 	/System/Library/Frameworks/OpenCL.framework/Versions/A/OpenCL
0x000000000ad42000 	/System/Library/PrivateFrameworks/FaceCore.framework/Versions/A/FaceCore
0x000000000ad42000 	/System/Library/PrivateFrameworks/Ubiquity.framework/Versions/A/Ubiquity
0x000000000ad42000 	/System/Library/PrivateFrameworks/IconServices.framework/Versions/A/IconServices
0x000000000ad42000 	/System/Library/PrivateFrameworks/ChunkingLibrary.framework/Versions/A/ChunkingLibrary
0x000000000ad42000 	/System/Library/PrivateFrameworks/Apple80211.framework/Versions/A/Apple80211
0x000000000ad42000 	/System/Library/Frameworks/CoreWLAN.framework/Versions/A/CoreWLAN
0x000000000ad42000 	/System/Library/Frameworks/IOBluetooth.framework/Versions/A/IOBluetooth
0x000000000ad42000 	/System/Library/PrivateFrameworks/CoreWiFi.framework/Versions/A/CoreWiFi
0x000000000ad42000 	/System/Library/Frameworks/CoreBluetooth.framework/Versions/A/CoreBluetooth
0x000000000ad42000 	/System/Library/PrivateFrameworks/DebugSymbols.framework/Versions/A/DebugSymbols
0x000000000ad42000 	/System/Library/PrivateFrameworks/CoreSymbolication.framework/Versions/A/CoreSymbolication
0x000000000ad42000 	/System/Library/PrivateFrameworks/Symbolication.framework/Versions/A/Symbolication
0x000000000ad42000 	/System/Library/PrivateFrameworks/SpeechRecognitionCore.framework/Versions/A/SpeechRecognitionCore
0x000000010b000000 	/Library/Java/JavaVirtualMachines/jdk1.8.0_112.jdk/Contents/Home/jre/lib/server/libjvm.dylib
0x000000000ad42000 	/usr/lib/libstdc++.6.dylib
0x000000010a77b000 	/Library/Java/JavaVirtualMachines/jdk1.8.0_112.jdk/Contents/Home/jre/lib/libverify.dylib
0x000000010a789000 	/Library/Java/JavaVirtualMachines/jdk1.8.0_112.jdk/Contents/Home/jre/lib/libjava.dylib
0x000000010a7c8000 	/Library/Java/JavaVirtualMachines/jdk1.8.0_112.jdk/Contents/Home/jre/lib/libzip.dylib
0x0000000126ac4000 	/System/Library/Frameworks/JavaVM.framework/Frameworks/JavaRuntimeSupport.framework/JavaRuntimeSupport
0x0000000126ada000 	/System/Library/Frameworks/JavaVM.framework/Versions/A/Frameworks/JavaNativeFoundation.framework/Versions/A/JavaNativeFoundation
0x0000000126aee000 	/System/Library/Frameworks/JavaVM.framework/Versions/A/JavaVM
0x000000000ad42000 	/System/Library/Frameworks/Carbon.framework/Versions/A/Carbon
0x0000000126afa000 	/System/Library/PrivateFrameworks/JavaLaunching.framework/Versions/A/JavaLaunching
0x000000000ad42000 	/System/Library/Frameworks/Carbon.framework/Versions/A/Frameworks/CommonPanels.framework/Versions/A/CommonPanels
0x000000000ad42000 	/System/Library/Frameworks/Carbon.framework/Versions/A/Frameworks/Help.framework/Versions/A/Help
0x000000000ad42000 	/System/Library/Frameworks/Carbon.framework/Versions/A/Frameworks/ImageCapture.framework/Versions/A/ImageCapture
0x000000000ad42000 	/System/Library/Frameworks/Carbon.framework/Versions/A/Frameworks/OpenScripting.framework/Versions/A/OpenScripting
0x000000000ad42000 	/System/Library/Frameworks/Carbon.framework/Versions/A/Frameworks/Print.framework/Versions/A/Print
0x000000000ad42000 	/System/Library/Frameworks/Carbon.framework/Versions/A/Frameworks/SecurityHI.framework/Versions/A/SecurityHI
0x0000000128ca8000 	/Library/Java/JavaVirtualMachines/jdk1.8.0_112.jdk/Contents/Home/jre/lib/libawt.dylib
0x0000000128d50000 	/Library/Java/JavaVirtualMachines/jdk1.8.0_112.jdk/Contents/Home/jre/lib/./libmlib_image.dylib
0x0000000128e1c000 	/Library/Java/JavaVirtualMachines/jdk1.8.0_112.jdk/Contents/Home/jre/lib/libawt_lwawt.dylib
0x0000000128ed3000 	/Library/Java/JavaVirtualMachines/jdk1.8.0_112.jdk/Contents/Home/jre/lib/./libosxapp.dylib
0x000000000ad42000 	/System/Library/Frameworks/ExceptionHandling.framework/Versions/A/ExceptionHandling
0x0000000128f15000 	/Library/Java/JavaVirtualMachines/jdk1.8.0_112.jdk/Contents/Home/jre/lib/libnet.dylib
0x0000000129483000 	/Library/Java/JavaVirtualMachines/jdk1.8.0_112.jdk/Contents/Home/jre/lib/libnio.dylib
0x0000000129596000 	/Library/Java/JavaVirtualMachines/jdk1.8.0_112.jdk/Contents/Home/jre/lib/libfontmanager.dylib
0x00000001295fd000 	/Library/Java/JavaVirtualMachines/jdk1.8.0_112.jdk/Contents/Home/jre/lib/libosx.dylib
0x000000000ad42000 	/System/Library/PrivateFrameworks/CoreServicesInternal.framework/Versions/A/CoreServicesInternal
0x000000000ad42000 	/System/Library/Frameworks/CoreGraphics.framework/Versions/A/Resources/libCGXType.A.dylib
0x000000000ad42000 	/System/Library/Frameworks/ApplicationServices.framework/Versions/A/Frameworks/ATS.framework/Versions/A/Resources/libTrueTypeScaler.dylib
0x00000001968d8000 	/Library/Java/JavaVirtualMachines/jdk1.8.0_112.jdk/Contents/Home/jre/lib/libmanagement.dylib
0x000000019674f000 	/private/var/folders/p9/h7434f1s0k9fp030m9slwj00s60whc/T/jna-644894941/jna3857893213593292464.tmp
0x0000000199301000 	/Users/hbernabe/anaconda/pkgs/openmm-7.1.0rc1-py36_0/lib/libOpenMM.dylib

VM Arguments:
jvm_args: -Xms4G -Xmx4G -Xss1M -Djava.system.class.loader=ffx.FFXClassLoader -Djava.library.path=modules/numerics/src/main/java/ffx/numerics/fft -Djava.awt.headless=true -Dj3d.rend=jogl -Dapp.name=Force Field X -Dapp.pid=59959 -Dapp.repo=/Users/hbernabe/ffx -Dbasedir=/Users/hbernabe/ffx 
java_command: ffx.Main Energy -o examples/watersmall.xyz -Djna.library.path=/Users/hbernabe/anaconda/pkgs/openmm-7.1.0rc1-py36_0/lib/
java_class_path (initial): /Users/hbernabe/ffx/bin/ffx-all.jar
Launcher Type: SUN_STANDARD

Environment Variables:
JAVA_HOME=/Library/Java/JavaVirtualMachines/jdk1.8.0_112.jdk/Contents/Home
PATH=/Users/hbernabe/anaconda/bin:/Users/hbernabe/anaconda/bin:/Developer/NVIDIA/CUDA-6.5/bin:/usr/local/phenix-1.9-1692/build/mac-intel-osx-x86_64/bin:/Users/hbernabe/ffx/bin:/Applications/groovy/bin:/Applications/maven/bin:/Library/Java/JavaVirtualMachines/jdk1.8.0_112.jdk/Contents/Home/bin:/Applications/TINKER/bin:/Applications/NAMD:/usr/local/bin:/usr/bin:/bin:/usr/sbin:/sbin:/opt/X11/bin:/Users/hbernabe/Desktop/ffx/bin:/Users/hbernabe/bin
SHELL=/bin/bash
DISPLAY=/private/tmp/com.apple.launchd.jjEB35SZnz/org.macosforge.xquartz:0
DYLD_LIBRARY_PATH=/Developer/NVIDIA/CUDA-6.5/lib:

Signal Handlers:
SIGSEGV: [libjvm.dylib+0x5b11a5], sa_mask[0]=11111111011111110111111111111111, sa_flags=SA_ONSTACK|SA_RESTART|SA_SIGINFO
SIGBUS: [libjvm.dylib+0x5b11a5], sa_mask[0]=11111111011111110111111111111111, sa_flags=SA_RESTART|SA_SIGINFO
SIGFPE: [libjvm.dylib+0x487dc0], sa_mask[0]=11111111011111110111111111111111, sa_flags=SA_RESTART|SA_SIGINFO
SIGPIPE: [libjvm.dylib+0x487dc0], sa_mask[0]=11111111011111110111111111111111, sa_flags=SA_RESTART|SA_SIGINFO
SIGXFSZ: [libjvm.dylib+0x487dc0], sa_mask[0]=11111111011111110111111111111111, sa_flags=SA_RESTART|SA_SIGINFO
SIGILL: [libjvm.dylib+0x487dc0], sa_mask[0]=11111111011111110111111111111111, sa_flags=SA_RESTART|SA_SIGINFO
SIGUSR1: SIG_DFL, sa_mask[0]=11011111011111100000000111000110, sa_flags=none
SIGUSR2: [libjvm.dylib+0x4878de], sa_mask[0]=00000000000000000000000000000000, sa_flags=SA_RESTART|SA_SIGINFO
SIGHUP: [libjvm.dylib+0x485eb5], sa_mask[0]=11111111011111110111111111111111, sa_flags=SA_RESTART|SA_SIGINFO
SIGINT: [libjvm.dylib+0x485eb5], sa_mask[0]=11111111011111110111111111111111, sa_flags=SA_RESTART|SA_SIGINFO
SIGTERM: [libjvm.dylib+0x485eb5], sa_mask[0]=11111111011111110111111111111111, sa_flags=SA_RESTART|SA_SIGINFO
SIGQUIT: [libjvm.dylib+0x485eb5], sa_mask[0]=11111111011111110111111111111111, sa_flags=SA_RESTART|SA_SIGINFO


---------------  S Y S T E M  ---------------

OS:Bsduname:Darwin 14.5.0 Darwin Kernel Version 14.5.0: Sun Sep 25 22:07:15 PDT 2016; root:xnu-2782.50.9~1/RELEASE_X86_64 x86_64
rlimit: STACK 8192k, CORE 0k, NPROC 709, NOFILE 10240, AS infinity
load average:1.66 1.71 1.72

CPU:total 4 (4 cores per cpu, 1 threads per core) family 6 model 60 stepping 3, cmov, cx8, fxsr, mmx, sse, sse2, sse3, ssse3, sse4.1, sse4.2, popcnt, avx, avx2, aes, clmul, erms, rtm, lzcnt, tsc, tscinvbit, bmi1, bmi2

Memory: 4k page, physical 8388608k(21384k free)

/proc/meminfo:


vm_info: Java HotSpot(TM) 64-Bit Server VM (25.112-b16) for bsd-amd64 JRE (1.8.0_112-b16), built on Sep 30 2016 22:41:41 by "java_re" with gcc 4.2.1 (Based on Apple Inc. build 5658) (LLVM build 2336.11.00)

time: Mon Apr 24 09:21:53 2017
elapsed time: 9 seconds (0d 0h 0m 9s)

